2024-05-02 13:35:52,616 [INFO] Activator:176 - 


2024-05-02 13:35:52,621 [INFO] Activator:177 - !SESSION log4j initialized
2024-05-02 13:35:56,538 [INFO] LogOutputStream:77 - [STDOUT_REDIRECT] 
2024-05-02 13:36:00,619 [INFO] ApplicationProperties:184 - Using Application install path: C:\ST\STM32CubeIDE_1.14.1\STM32CubeIDE\plugins\com.st.stm32cube.common.mx_6.10.0.202311202037
2024-05-02 13:36:00,658 [INFO] DbMcusXml:78 - Set database path to: C:\ST\STM32CubeIDE_1.14.1\STM32CubeIDE\plugins\com.st.stm32cube.common.mx_6.10.0.202311202037\\db\/mcu/
2024-05-02 13:36:00,659 [INFO] ApiDb:274 - Set plugin database path to: C:\ST\STM32CubeIDE_1.14.1\STM32CubeIDE\plugins\com.st.stm32cube.common.mx_6.10.0.202311202037\\db\/plugins/boardmanager/
2024-05-02 13:36:00,666 [WARN] ApiDb:259 - Overriding images path with different value:  => C:\ST\STM32CubeIDE_1.14.1\STM32CubeIDE\plugins\com.st.stm32cube.common.mx_6.10.0.202311202037\\db\/plugins/mcufinder/images/
2024-05-02 13:36:00,684 [INFO] ApiDb:250 - Set database path to: C:\Users\pc\.stmcufinder\plugins\mcufinder//mcu/
2024-05-02 13:36:00,687 [INFO] DbMcusAds:125 - Set database path to: C:\Users\pc\.stmcufinder\plugins\mcufinder//mcu/
2024-05-02 13:36:00,692 [INFO] CrossReferenceDbSqlite:203 - Set database path to: C:\Users\pc\.stmcufinder\plugins\mcufinder//mcu/cs/
2024-05-02 13:36:01,033 [INFO] RulesReader:64 - Compatibility file has been processed (297 Rules)
2024-05-02 13:36:01,298 [INFO] DbMcusXml:78 - Set database path to: C:\ST\STM32CubeIDE_1.14.1\STM32CubeIDE\plugins\com.st.stm32cube.common.mx_6.10.0.202311202037\\db\/mcu/
2024-05-02 13:36:01,298 [INFO] ApiDb:274 - Set plugin database path to: C:\ST\STM32CubeIDE_1.14.1\STM32CubeIDE\plugins\com.st.stm32cube.common.mx_6.10.0.202311202037\\db\/plugins/boardmanager/
2024-05-02 13:36:01,299 [INFO] ApiDb:261 - Set plugin images path to: C:\ST\STM32CubeIDE_1.14.1\STM32CubeIDE\plugins\com.st.stm32cube.common.mx_6.10.0.202311202037\\db\/plugins/mcufinder/images/
2024-05-02 13:36:01,300 [WARN] DbFile:41 - Overriding database path with different value: C:\Users\pc\.stmcufinder\plugins\mcufinder/ => C:\Users\pc\.stmcufinder\plugins\mcufinder
2024-05-02 13:36:01,300 [INFO] ApiDb:250 - Set database path to: C:\Users\pc\.stmcufinder\plugins\mcufinder//mcu/
2024-05-02 13:36:01,301 [WARN] DbFile:41 - Overriding database path with different value: C:\Users\pc\.stmcufinder\plugins\mcufinder/ => C:\Users\pc\.stmcufinder\plugins\mcufinder
2024-05-02 13:36:01,301 [INFO] DbMcusAds:125 - Set database path to: C:\Users\pc\.stmcufinder\plugins\mcufinder//mcu/
2024-05-02 13:36:01,302 [WARN] DbFile:41 - Overriding database path with different value: C:\Users\pc\.stmcufinder\plugins\mcufinder/ => C:\Users\pc\.stmcufinder\plugins\mcufinder
2024-05-02 13:36:01,302 [WARN] DbFile:41 - Overriding database path with different value: C:\Users\pc\.stmcufinder\plugins\mcufinder/ => C:\Users\pc\.stmcufinder\plugins\mcufinder
2024-05-02 13:36:01,302 [INFO] CrossReferenceDbSqlite:203 - Set database path to: C:\Users\pc\.stmcufinder\plugins\mcufinder//mcu/cs/
2024-05-02 13:36:01,512 [INFO] MainPanel:264 - HeapMemory: 268435456
2024-05-02 13:36:01,690 [INFO] DbMcusXml:78 - Set database path to: C:\ST\STM32CubeIDE_1.14.1\STM32CubeIDE\plugins\com.st.stm32cube.common.mx_6.10.0.202311202037\\db\/mcu/
2024-05-02 13:36:01,690 [INFO] ApiDb:274 - Set plugin database path to: C:\ST\STM32CubeIDE_1.14.1\STM32CubeIDE\plugins\com.st.stm32cube.common.mx_6.10.0.202311202037\\db\/plugins/boardmanager/
2024-05-02 13:36:01,691 [INFO] ApiDb:261 - Set plugin images path to: C:\ST\STM32CubeIDE_1.14.1\STM32CubeIDE\plugins\com.st.stm32cube.common.mx_6.10.0.202311202037\\db\/plugins/mcufinder/images/
2024-05-02 13:36:01,692 [WARN] DbFile:41 - Overriding database path with different value: C:\Users\pc\.stmcufinder\plugins\mcufinder/ => C:\Users\pc\.stmcufinder\plugins\mcufinder
2024-05-02 13:36:01,692 [INFO] ApiDb:250 - Set database path to: C:\Users\pc\.stmcufinder\plugins\mcufinder//mcu/
2024-05-02 13:36:01,692 [WARN] DbFile:41 - Overriding database path with different value: C:\Users\pc\.stmcufinder\plugins\mcufinder/ => C:\Users\pc\.stmcufinder\plugins\mcufinder
2024-05-02 13:36:01,693 [INFO] DbMcusAds:125 - Set database path to: C:\Users\pc\.stmcufinder\plugins\mcufinder//mcu/
2024-05-02 13:36:01,693 [WARN] DbFile:41 - Overriding database path with different value: C:\Users\pc\.stmcufinder\plugins\mcufinder/ => C:\Users\pc\.stmcufinder\plugins\mcufinder
2024-05-02 13:36:01,693 [WARN] DbFile:41 - Overriding database path with different value: C:\Users\pc\.stmcufinder\plugins\mcufinder/ => C:\Users\pc\.stmcufinder\plugins\mcufinder
2024-05-02 13:36:01,693 [INFO] CrossReferenceDbSqlite:203 - Set database path to: C:\Users\pc\.stmcufinder\plugins\mcufinder//mcu/cs/
2024-05-02 13:36:01,731 [INFO] ApplicationProperties:184 - Using Application install path: C:\ST\STM32CubeIDE_1.14.1\STM32CubeIDE\plugins\com.st.stm32cube.common.mx_6.10.0.202311202037
2024-05-02 13:36:01,734 [INFO] PluginManage:196 - Search for loadable plugins [exclusion list=, ]
2024-05-02 13:36:01,736 [INFO] PluginManage:310 - Check plugin analytics
2024-05-02 13:36:02,201 [INFO] AnalyticsPlugin:253 - Accepted Software Licenses: 
2024-05-02 13:36:02,202 [INFO] AnalyticsPlugin:255 - Accepted CMSIS Pack Licenses: 
2024-05-02 13:36:02,203 [INFO] AnalyticsPlugin:257 - Accepted Firmware Licenses: FW.L4.1.18.0,FW.F4.1.28.0
2024-05-02 13:36:02,210 [INFO] PluginManage:359 - Loaded plugin analytics (category:tool,tabindex:-1)
2024-05-02 13:36:02,211 [INFO] PluginManage:310 - Check plugin cadmodel
2024-05-02 13:36:02,223 [INFO] CADModel:105 - Init CAD model plugin
2024-05-02 13:36:02,223 [INFO] PluginManage:359 - Loaded plugin cadmodel (category:power,tabindex:5)
2024-05-02 13:36:02,224 [INFO] PluginManage:310 - Check plugin clock
2024-05-02 13:36:02,251 [INFO] PluginManage:359 - Loaded plugin clock (category:base,tabindex:2)
2024-05-02 13:36:02,251 [INFO] PluginManage:310 - Check plugin ddr
2024-05-02 13:36:02,255 [INFO] PluginManage:359 - Loaded plugin ddr (category:tool,tabindex:6)
2024-05-02 13:36:02,255 [INFO] PluginManage:310 - Check plugin filemanager
2024-05-02 13:36:02,568 [INFO] PluginManage:359 - Loaded plugin filemanager (category:base,tabindex:10)
2024-05-02 13:36:02,568 [INFO] PluginManage:310 - Check plugin ipmanager
2024-05-02 13:36:02,584 [INFO] PluginManage:359 - Loaded plugin ipmanager (category:base,tabindex:5)
2024-05-02 13:36:02,584 [INFO] PluginManage:310 - Check plugin lpbam
2024-05-02 13:36:02,608 [INFO] PluginManage:359 - Loaded plugin lpbam (category:base,tabindex:0)
2024-05-02 13:36:02,608 [INFO] PluginManage:310 - Check plugin memorymap
2024-05-02 13:36:02,637 [INFO] PluginManage:359 - Loaded plugin memorymap (category:base,tabindex:4)
2024-05-02 13:36:02,638 [INFO] PluginManage:310 - Check plugin pinoutandconfiguration
2024-05-02 13:36:02,656 [INFO] PluginManage:359 - Loaded plugin pinoutandconfiguration (category:base,tabindex:1)
2024-05-02 13:36:02,656 [INFO] PluginManage:310 - Check plugin pinoutconfig
2024-05-02 13:36:02,872 [WARN] SupportedApi:132 - Cannot load RTOS API schema: s4s-elt-must-match.1: The content of 'definitions' must match (annotation?, (simpleType | complexType)?, (unique | key | keyref)*)). A problem was found starting at: attribute.
2024-05-02 13:36:03,113 [INFO] PluginManage:359 - Loaded plugin pinoutconfig (category:base,tabindex:0)
2024-05-02 13:36:03,113 [INFO] PluginManage:310 - Check plugin power
2024-05-02 13:36:03,130 [INFO] PluginManage:359 - Loaded plugin power (category:power,tabindex:4)
2024-05-02 13:36:03,131 [INFO] PluginManage:310 - Check plugin projectmanager
2024-05-02 13:36:03,158 [INFO] PluginManage:359 - Loaded plugin projectmanager (category:projectmanager,tabindex:3)
2024-05-02 13:36:03,158 [INFO] PluginManage:310 - Check plugin thirdparty
2024-05-02 13:36:03,391 [INFO] PluginManage:359 - Loaded plugin thirdparty (category:base,tabindex:-1)
2024-05-02 13:36:03,391 [INFO] PluginManage:310 - Check plugin tools
2024-05-02 13:36:03,391 [WARN] IntegrityCheckThread:84 - waiting for thirdparty lock release [integrity check]
2024-05-02 13:36:03,393 [INFO] IntegrityCheckThread:86 - entering critical section [integrity check]
2024-05-02 13:36:03,394 [INFO] ThirdPartyUpdaterWithRetryManager:70 - Updater plugin not ready yet. [1/15]
2024-05-02 13:36:03,396 [INFO] PluginManage:359 - Loaded plugin tools (category:base,tabindex:7)
2024-05-02 13:36:03,397 [INFO] PluginManage:310 - Check plugin tutovideos
2024-05-02 13:36:03,644 [INFO] PluginManage:359 - Loaded plugin tutovideos (category:base,tabindex:-1)
2024-05-02 13:36:03,644 [INFO] PluginManage:310 - Check plugin updater
2024-05-02 13:36:03,659 [INFO] PluginManage:359 - Loaded plugin updater (category:base,tabindex:12)
2024-05-02 13:36:03,660 [INFO] PluginManage:310 - Check plugin userauth
2024-05-02 13:36:03,667 [INFO] UserAuth:114 - Init User Auth plugin
2024-05-02 13:36:03,668 [INFO] PluginManage:359 - Loaded plugin userauth (category:base,tabindex:14)
2024-05-02 13:36:03,669 [INFO] PluginManage:283 - PluginManage : Loaded plugins [17]
2024-05-02 13:36:04,174 [INFO] PinOutPanel:1499 - setPackage(No Configuration,No Configuration)
2024-05-02 13:36:04,304 [INFO] CADModel:165 - CPN selected for project level
2024-05-02 13:36:04,304 [INFO] CADModel:114 - Register for checkConnection events
2024-05-02 13:36:04,325 [INFO] IPUIPlugin:80 - create IPUIPlugin
2024-05-02 13:36:04,325 [INFO] PluginManager:220 - loadIPPluginJar : add adc
2024-05-02 13:36:04,330 [INFO] IPUIPlugin:80 - create IPUIPlugin
2024-05-02 13:36:04,331 [INFO] PluginManager:220 - loadIPPluginJar : add aes
2024-05-02 13:36:04,336 [INFO] IPUIPlugin:80 - create IPUIPlugin
2024-05-02 13:36:04,336 [INFO] PluginManager:220 - loadIPPluginJar : add can
2024-05-02 13:36:04,340 [INFO] IPUIPlugin:80 - create IPUIPlugin
2024-05-02 13:36:04,340 [INFO] PluginManager:220 - loadIPPluginJar : add comp
2024-05-02 13:36:04,345 [INFO] IPUIPlugin:80 - create IPUIPlugin
2024-05-02 13:36:04,345 [INFO] PluginManager:220 - loadIPPluginJar : add cryp
2024-05-02 13:36:04,349 [INFO] IPUIPlugin:80 - create IPUIPlugin
2024-05-02 13:36:04,349 [INFO] PluginManager:220 - loadIPPluginJar : add dfsdm
2024-05-02 13:36:04,357 [INFO] IPUIPlugin:80 - create IPUIPlugin
2024-05-02 13:36:04,358 [INFO] PluginManager:220 - loadIPPluginJar : add dma
2024-05-02 13:36:04,364 [INFO] IPUIPlugin:80 - create IPUIPlugin
2024-05-02 13:36:04,365 [INFO] PluginManager:220 - loadIPPluginJar : add dma3
2024-05-02 13:36:04,368 [INFO] IPUIPlugin:80 - create IPUIPlugin
2024-05-02 13:36:04,369 [INFO] PluginManager:220 - loadIPPluginJar : add fatfs
2024-05-02 13:36:04,377 [INFO] IPUIPlugin:80 - create IPUIPlugin
2024-05-02 13:36:04,377 [INFO] PluginManager:220 - loadIPPluginJar : add fmc
2024-05-02 13:36:04,386 [INFO] IPUIPlugin:80 - create IPUIPlugin
2024-05-02 13:36:04,386 [INFO] PluginManager:220 - loadIPPluginJar : add freertos
2024-05-02 13:36:04,389 [INFO] IPUIPlugin:80 - create IPUIPlugin
2024-05-02 13:36:04,390 [INFO] PluginManager:220 - loadIPPluginJar : add genericplugin
2024-05-02 13:36:04,396 [INFO] IPUIPlugin:80 - create IPUIPlugin
2024-05-02 13:36:04,396 [INFO] PluginManager:220 - loadIPPluginJar : add gfxmmu
2024-05-02 13:36:04,408 [INFO] IPUIPlugin:80 - create IPUIPlugin
2024-05-02 13:36:04,408 [INFO] PluginManager:220 - loadIPPluginJar : add gic
2024-05-02 13:36:04,418 [INFO] IPUIPlugin:80 - create IPUIPlugin
2024-05-02 13:36:04,418 [INFO] PluginManager:220 - loadIPPluginJar : add gpio
2024-05-02 13:36:04,425 [INFO] IPUIPlugin:80 - create IPUIPlugin
2024-05-02 13:36:04,425 [INFO] PluginManager:220 - loadIPPluginJar : add gtzc
2024-05-02 13:36:04,429 [INFO] IPUIPlugin:80 - create IPUIPlugin
2024-05-02 13:36:04,430 [INFO] PluginManager:220 - loadIPPluginJar : add hash
2024-05-02 13:36:04,435 [INFO] IPUIPlugin:80 - create IPUIPlugin
2024-05-02 13:36:04,435 [INFO] PluginManager:220 - loadIPPluginJar : add i2c
2024-05-02 13:36:04,441 [INFO] IPUIPlugin:80 - create IPUIPlugin
2024-05-02 13:36:04,441 [INFO] PluginManager:220 - loadIPPluginJar : add i2s
2024-05-02 13:36:04,445 [INFO] IPUIPlugin:80 - create IPUIPlugin
2024-05-02 13:36:04,445 [INFO] PluginManager:220 - loadIPPluginJar : add i3c
2024-05-02 13:36:04,450 [INFO] IPUIPlugin:80 - create IPUIPlugin
2024-05-02 13:36:04,451 [INFO] PluginManager:220 - loadIPPluginJar : add ipddr
2024-05-02 13:36:04,462 [INFO] IPUIPlugin:80 - create IPUIPlugin
2024-05-02 13:36:04,462 [INFO] PluginManager:220 - loadIPPluginJar : add linkedlist
2024-05-02 13:36:04,468 [INFO] IPUIPlugin:80 - create IPUIPlugin
2024-05-02 13:36:04,468 [INFO] PluginManager:220 - loadIPPluginJar : add lorawan
2024-05-02 13:36:04,471 [INFO] IPUIPlugin:80 - create IPUIPlugin
2024-05-02 13:36:04,472 [INFO] PluginManager:220 - loadIPPluginJar : add ltdc
2024-05-02 13:36:04,482 [INFO] IPUIPlugin:80 - create IPUIPlugin
2024-05-02 13:36:04,483 [INFO] PluginManager:220 - loadIPPluginJar : add mdma
2024-05-02 13:36:04,492 [INFO] IPUIPlugin:80 - create IPUIPlugin
2024-05-02 13:36:04,493 [INFO] PluginManager:220 - loadIPPluginJar : add nvic
2024-05-02 13:36:04,498 [INFO] IPUIPlugin:80 - create IPUIPlugin
2024-05-02 13:36:04,498 [INFO] PluginManager:220 - loadIPPluginJar : add opamp
2024-05-02 13:36:04,502 [INFO] IPUIPlugin:80 - create IPUIPlugin
2024-05-02 13:36:04,503 [INFO] PluginManager:220 - loadIPPluginJar : add openamp
2024-05-02 13:36:04,510 [INFO] IPUIPlugin:80 - create IPUIPlugin
2024-05-02 13:36:04,510 [INFO] PluginManager:220 - loadIPPluginJar : add pdm2pcm
2024-05-02 13:36:04,523 [INFO] IPUIPlugin:80 - create IPUIPlugin
2024-05-02 13:36:04,527 [INFO] PluginManager:220 - loadIPPluginJar : add plateformsettings
2024-05-02 13:36:04,530 [INFO] IPUIPlugin:80 - create IPUIPlugin
2024-05-02 13:36:04,530 [INFO] PluginManager:220 - loadIPPluginJar : add quadspi
2024-05-02 13:36:04,535 [INFO] IPUIPlugin:80 - create IPUIPlugin
2024-05-02 13:36:04,535 [INFO] PluginManager:220 - loadIPPluginJar : add resmgrutility
2024-05-02 13:36:04,540 [INFO] IPUIPlugin:80 - create IPUIPlugin
2024-05-02 13:36:04,540 [INFO] PluginManager:220 - loadIPPluginJar : add sai
2024-05-02 13:36:04,544 [INFO] IPUIPlugin:80 - create IPUIPlugin
2024-05-02 13:36:04,544 [INFO] PluginManager:220 - loadIPPluginJar : add spi
2024-05-02 13:36:04,553 [INFO] IPUIPlugin:80 - create IPUIPlugin
2024-05-02 13:36:04,553 [INFO] PluginManager:220 - loadIPPluginJar : add stm32_wpan
2024-05-02 13:36:04,556 [INFO] IPUIPlugin:80 - create IPUIPlugin
2024-05-02 13:36:04,556 [INFO] PluginManager:220 - loadIPPluginJar : add tim
2024-05-02 13:36:04,561 [INFO] IPUIPlugin:80 - create IPUIPlugin
2024-05-02 13:36:04,561 [INFO] PluginManager:220 - loadIPPluginJar : add touchsensing
2024-05-02 13:36:04,564 [INFO] IPUIPlugin:80 - create IPUIPlugin
2024-05-02 13:36:04,564 [INFO] PluginManager:220 - loadIPPluginJar : add tracer_emb
2024-05-02 13:36:04,567 [INFO] IPUIPlugin:80 - create IPUIPlugin
2024-05-02 13:36:04,568 [INFO] PluginManager:220 - loadIPPluginJar : add ts
2024-05-02 13:36:04,570 [INFO] IPUIPlugin:80 - create IPUIPlugin
2024-05-02 13:36:04,570 [INFO] PluginManager:220 - loadIPPluginJar : add tsc
2024-05-02 13:36:04,573 [INFO] IPUIPlugin:80 - create IPUIPlugin
2024-05-02 13:36:04,573 [INFO] PluginManager:220 - loadIPPluginJar : add ucpd
2024-05-02 13:36:04,578 [INFO] IPUIPlugin:80 - create IPUIPlugin
2024-05-02 13:36:04,578 [INFO] PluginManager:220 - loadIPPluginJar : add usart
2024-05-02 13:36:04,585 [INFO] IPUIPlugin:80 - create IPUIPlugin
2024-05-02 13:36:04,586 [INFO] PluginManager:220 - loadIPPluginJar : add usbx
2024-05-02 13:36:04,772 [INFO] CADModel:165 - CPN selected for project level
2024-05-02 13:36:04,772 [INFO] CADModel:114 - Register for checkConnection events
2024-05-02 13:36:04,772 [FATAL] Updater:308 - Updater called before beeing initialized
2024-05-02 13:36:04,773 [ERROR] CADModel:125 - Updater not yet initialized, retry later 
2024-05-02 13:36:04,986 [INFO] CADModel:165 - CPN selected for project level
2024-05-02 13:36:04,986 [INFO] CADModel:114 - Register for checkConnection events
2024-05-02 13:36:04,987 [FATAL] Updater:308 - Updater called before beeing initialized
2024-05-02 13:36:04,987 [ERROR] CADModel:125 - Updater not yet initialized, retry later 
2024-05-02 13:36:04,993 [FATAL] Updater:308 - Updater called before beeing initialized
2024-05-02 13:36:05,252 [FATAL] Updater:308 - Updater called before beeing initialized
2024-05-02 13:36:05,263 [INFO] DbMcusAds:53 - JSON generation date=Wed Nov 29 12:52:27 IST 2023 (1701255147349)
2024-05-02 13:36:05,264 [FATAL] Updater:308 - Updater called before beeing initialized
2024-05-02 13:36:05,318 [WARN] DetailPanel:346 - Failed to get advertising image, set to default
2024-05-02 13:36:05,476 [FATAL] Updater:308 - Updater called before beeing initialized
2024-05-02 13:36:05,480 [FATAL] Updater:308 - Updater called before beeing initialized
2024-05-02 13:36:05,480 [FATAL] Updater:308 - Updater called before beeing initialized
2024-05-02 13:36:05,480 [WARN] DetailPanel:346 - Failed to get advertising image, set to default
2024-05-02 13:36:05,482 [FATAL] Updater:308 - Updater called before beeing initialized
2024-05-02 13:36:05,591 [ERROR] Updater:1120 - MainUpdater not yet initialized. External WinMGr cannot be set.
2024-05-02 13:36:05,593 [INFO] Updater:1056 - Updater Version found : 6.10.0
2024-05-02 13:36:05,625 [INFO] ApplicationProperties:184 - Using Application install path: C:\ST\STM32CubeIDE_1.14.1\STM32CubeIDE\plugins\com.st.stm32cube.common.mx_6.10.0.202311202037
2024-05-02 13:36:06,395 [INFO] ThirdPartyUpdaterWithRetryManager:70 - Updater plugin not ready yet. [2/15]
2024-05-02 13:36:07,223 [ERROR] LogOutputStream:75 - [STDERR_REDIRECT] May 02, 2024 1:36:07 PM java.util.prefs.WindowsPreferences <init>
2024-05-02 13:36:07,229 [ERROR] LogOutputStream:75 - [STDERR_REDIRECT] WARNING: Could not open/create prefs root node Software\JavaSoft\Prefs at root 0xffffffff80000002. Windows RegCreateKeyEx(...) returned error code 5.
2024-05-02 13:36:07,230 [ERROR] LogOutputStream:75 - [STDERR_REDIRECT] 
2024-05-02 13:36:08,077 [INFO] MainUpdater:2873 - connection check result : 10
2024-05-02 13:36:08,078 [INFO] MainUpdater:290 - Updater Check For Update Now.
2024-05-02 13:36:08,079 [INFO] MicroXplorer:498 - Change Database Version : DB.6.0.100
2024-05-02 13:36:08,090 [INFO] McuFinderGlobals:63 - Set McuFinder mode to 2 (CubeIDE integrated)
2024-05-02 13:36:08,420 [INFO] CheckServerUpdateThread:120 - End of CheckServer Thread
2024-05-02 13:36:08,743 [INFO] UserAuth:404 - Internet connection configuration mode: 1
2024-05-02 13:36:08,758 [INFO] JxBrowserEngine:152 - Initiate JxBrowser Engine with user profile folder
2024-05-02 13:36:09,703 [INFO] WebApp:161 - Instantiating new browser for Auth
2024-05-02 13:36:10,042 [WARN] PackLoader:240 - Cannot read IP mode file for STMicroelectronics.FP-SNS-MOTENVWB1.1.4.0
2024-05-02 13:36:10,064 [WARN] PackLoader:240 - Cannot read IP mode file for STMicroelectronics.X-CUBE-SMBUS.2.1.0
2024-05-02 13:36:10,075 [WARN] PackLoader:240 - Cannot read IP mode file for STMicroelectronics.X-CUBE-TOUCHGFX.4.23.1
2024-05-02 13:36:10,081 [WARN] PackLoader:240 - Cannot read IP mode file for STMicroelectronics.X-CUBE-TOUCHGFX.4.23.0
2024-05-02 13:36:10,088 [WARN] PackLoader:240 - Cannot read IP mode file for STMicroelectronics.X-CUBE-TOUCHGFX.4.23.2
2024-05-02 13:36:10,230 [WARN] PackLoader:240 - Cannot read IP mode file for STMicroelectronics.X-CUBE-AZRTOS-F7.1.1.0
2024-05-02 13:36:10,254 [WARN] PackLoader:240 - Cannot read IP mode file for STMicroelectronics.FP-SNS-MOTENV1.4.3.2
2024-05-02 13:36:10,324 [WARN] PackLoader:240 - Cannot read IP mode file for STMicroelectronics.FP-SNS-FLIGHT1.5.0.2
2024-05-02 13:36:10,348 [WARN] PackLoader:240 - Cannot read IP mode file for STMicroelectronics.X-CUBE-DISPLAY.3.0.0
2024-05-02 13:36:10,409 [WARN] PackLoader:240 - Cannot read IP mode file for STMicroelectronics.X-CUBE-BLE1.7.0.0
2024-05-02 13:36:10,453 [WARN] PackLoader:240 - Cannot read IP mode file for emotas.I-CUBE-CANOPEN.1.3.0
2024-05-02 13:36:10,697 [WARN] PackLoader:240 - Cannot read IP mode file for STMicroelectronics.X-CUBE-BLEMGR.3.1.0
2024-05-02 13:36:10,721 [WARN] PackLoader:240 - Cannot read IP mode file for STMicroelectronics.FP-SNS-SMARTAG2.1.2.0
2024-05-02 13:36:10,753 [INFO] LogOutputStream:77 - [STDOUT_REDIRECT] 1 : Invalid condition id : UX_CORESTACK_Condition cause : null
2024-05-02 13:36:10,755 [INFO] LogOutputStream:77 - [STDOUT_REDIRECT] 1 : Invalid condition id : UX_CORESTACK_Condition cause : null
2024-05-02 13:36:10,759 [INFO] LogOutputStream:77 - [STDOUT_REDIRECT] 1 : Invalid condition id : UX_CORESTACK_Condition cause : null
2024-05-02 13:36:10,762 [INFO] LogOutputStream:77 - [STDOUT_REDIRECT] 1 : Invalid condition id : UX_CORESTACK_Condition cause : null
2024-05-02 13:36:10,767 [INFO] LogOutputStream:77 - [STDOUT_REDIRECT] 1 : Invalid condition id : UX_CORESTACK_Condition cause : null
2024-05-02 13:36:10,790 [WARN] PackLoader:240 - Cannot read IP mode file for STMicroelectronics.X-CUBE-AZRTOS-WL.2.0.0
2024-05-02 13:36:10,805 [WARN] PackLoader:240 - Cannot read IP mode file for STMicroelectronics.FP-SNS-MOTENV1.5.0.0
2024-05-02 13:36:10,829 [WARN] PackLoader:240 - Cannot read IP mode file for WES.I-CUBE-Cesium.1.3.0
2024-05-02 13:36:10,840 [WARN] PackLoader:240 - Cannot read IP mode file for STMicroelectronics.X-CUBE-BLE2.3.3.0
2024-05-02 13:36:10,852 [WARN] PackLoader:240 - Cannot read IP mode file for STMicroelectronics.X-CUBE-TCPP.4.1.0
2024-05-02 13:36:10,868 [WARN] PackLoader:240 - Cannot read IP mode file for STMicroelectronics.X-CUBE-ALGOBUILD.1.3.0
2024-05-02 13:36:11,112 [WARN] PackLoader:240 - Cannot read IP mode file for STMicroelectronics.X-CUBE-AZRTOS-G0.1.1.0
2024-05-02 13:36:11,131 [WARN] PackLoader:240 - Cannot read IP mode file for STMicroelectronics.X-CUBE-SAFEA1.1.2.2
2024-05-02 13:36:11,149 [WARN] PackLoader:240 - Cannot read IP mode file for STMicroelectronics.X-CUBE-NFC4.3.0.0
2024-05-02 13:36:11,163 [WARN] PackLoader:240 - Cannot read IP mode file for wolfSSL.I-CUBE-wolfSSL.5.7.0
2024-05-02 13:36:11,171 [WARN] PackLoader:240 - Cannot read IP mode file for STMicroelectronics.FP-ATR-SIGFOX1.3.2.0
2024-05-02 13:36:11,184 [WARN] PackLoader:240 - Cannot read IP mode file for STMicroelectronics.X-CUBE-EEPRMA1.5.1.0
2024-05-02 13:36:11,206 [WARN] PackLoader:240 - Cannot read IP mode file for ITTIA_DB.I-CUBE-ITTIADB.8.9.0
2024-05-02 13:36:11,292 [WARN] PackLoader:240 - Cannot read IP mode file for SEGGER.I-CUBE-embOS.1.3.1
2024-05-02 13:36:11,442 [WARN] PackLoader:240 - Cannot read IP mode file for STMicroelectronics.X-CUBE-GNSS1.6.0.0
2024-05-02 13:36:11,505 [WARN] PackLoader:240 - Cannot read IP mode file for STMicroelectronics.X-CUBE-AZRTOS-F4.1.1.0
2024-05-02 13:36:11,520 [WARN] PackLoader:240 - Cannot read IP mode file for STMicroelectronics.X-CUBE-FREERTOS.1.2.0
2024-05-02 13:36:11,529 [WARN] PackLoader:240 - Cannot read IP mode file for wolfSSL.I-CUBE-wolfSSL.5.6.6
2024-05-02 13:36:11,564 [WARN] PackLoader:240 - Cannot read IP mode file for STMicroelectronics.X-CUBE-AZRTOS-L5.2.0.0
2024-05-02 13:36:11,585 [WARN] PackLoader:240 - Cannot read IP mode file for STMicroelectronics.X-CUBE-NFC6.3.1.0
2024-05-02 13:36:11,636 [WARN] PackLoader:240 - Cannot read IP mode file for ITTIA_DB.I-CUBE-ITTIADB.8.8.0
2024-05-02 13:36:11,650 [WARN] PackLoader:240 - Cannot read IP mode file for STMicroelectronics.X-CUBE-AI.9.0.0
2024-05-02 13:36:11,663 [WARN] PackLoader:240 - Cannot read IP mode file for STMicroelectronics.X-CUBE-NFC7.1.0.1
2024-05-02 13:36:11,679 [WARN] PackLoader:240 - Cannot read IP mode file for STMicroelectronics.X-CUBE-NFC6.3.0.0
2024-05-02 13:36:11,693 [WARN] PackLoader:240 - Cannot read IP mode file for STMicroelectronics.X-CUBE-AI.8.1.0
2024-05-02 13:36:11,743 [WARN] ConditionMgr:438 - getConditionDescription Invalid condition id : LAN8742 Phy interface Condition cause : null
2024-05-02 13:36:11,746 [WARN] PackLoader:240 - Cannot read IP mode file for STMicroelectronics.X-CUBE-AZRTOS-L4.2.0.0
2024-05-02 13:36:11,748 [WARN] ConditionMgr:1039 - genDependencies : Invalid condition id : LAN8742 Phy interface Condition cause : null
2024-05-02 13:36:11,749 [WARN] ConditionMgr:1039 - genDependencies : Invalid condition id : LAN8742 Phy interface Condition cause : null
2024-05-02 13:36:11,750 [WARN] ConditionMgr:1039 - genDependencies : Invalid condition id : LAN8742 Phy interface Condition cause : null
2024-05-02 13:36:11,799 [WARN] PackLoader:240 - Cannot read IP mode file for STMicroelectronics.X-CUBE-SFXS2LP1.4.0.0
2024-05-02 13:36:11,838 [WARN] ConditionMgr:438 - getConditionDescription Invalid condition id : UX DEVICE CLASS RTOS Condition cause : null
2024-05-02 13:36:11,842 [WARN] ConditionMgr:438 - getConditionDescription Invalid condition id : UX DEVICE CLASS RTOS Condition cause : null
2024-05-02 13:36:11,847 [WARN] PackLoader:240 - Cannot read IP mode file for STMicroelectronics.X-CUBE-AZRTOS-WB.2.0.0
2024-05-02 13:36:11,849 [WARN] ConditionMgr:1039 - genDependencies : Invalid condition id : UX DEVICE CLASS RTOS Condition cause : null
2024-05-02 13:36:11,850 [WARN] ConditionMgr:1039 - genDependencies : Invalid condition id : UX DEVICE CLASS RTOS Condition cause : null
2024-05-02 13:36:11,851 [WARN] ConditionMgr:1039 - genDependencies : Invalid condition id : UX DEVICE CLASS RTOS Condition cause : null
2024-05-02 13:36:11,852 [WARN] ConditionMgr:1039 - genDependencies : Invalid condition id : UX DEVICE CLASS RTOS Condition cause : null
2024-05-02 13:36:11,853 [WARN] ConditionMgr:1039 - genDependencies : Invalid condition id : UX DEVICE CLASS RTOS Condition cause : null
2024-05-02 13:36:11,896 [WARN] PackLoader:240 - Cannot read IP mode file for STMicroelectronics.X-CUBE-SUBG2.5.0.0
2024-05-02 13:36:11,968 [WARN] PackLoader:240 - Cannot read IP mode file for STMicroelectronics.X-CUBE-AZRTOS-G4.2.0.0
2024-05-02 13:36:12,003 [WARN] PackLoader:240 - Cannot read IP mode file for Infineon.AIROC-Wi-Fi-Bluetooth-STM32.1.5.1
2024-05-02 13:36:12,027 [WARN] PackLoader:240 - Cannot read IP mode file for STMicroelectronics.FP-SNS-MOTENVWB1.1.3.1
2024-05-02 13:36:12,036 [WARN] PackLoader:240 - Cannot read IP mode file for STMicroelectronics.X-CUBE-ISPU.2.0.0
2024-05-02 13:36:12,211 [WARN] PackLoader:240 - Cannot read IP mode file for STMicroelectronics.X-CUBE-MEMS1.10.0.0
2024-05-02 13:36:12,692 [WARN] PackLoader:240 - Cannot read IP mode file for STMicroelectronics.X-CUBE-FREERTOS.1.1.0
2024-05-02 13:36:12,703 [WARN] PackLoader:240 - Cannot read IP mode file for portGmbH.I-Cube-SoM-uGOAL.1.1.0
2024-05-02 13:36:12,713 [WARN] PackLoader:240 - Cannot read IP mode file for STMicroelectronics.X-CUBE-ALS.1.0.1
2024-05-02 13:36:12,775 [WARN] PackLoader:240 - Cannot read IP mode file for STMicroelectronics.X-CUBE-AZRTOS-H7RS.1.0.0
2024-05-02 13:36:12,789 [WARN] PackLoader:240 - Cannot read IP mode file for STMicroelectronics.FP-ATR-ASTRA1.2.0.0
2024-05-02 13:36:12,810 [WARN] PackLoader:240 - Cannot read IP mode file for STMicroelectronics.X-CUBE-TOF1.3.4.1
2024-05-02 13:36:12,908 [WARN] PackLoader:240 - Cannot read IP mode file for STMicroelectronics.X-CUBE-AZRTOS-H7.3.2.0
2024-05-02 13:36:12,937 [WARN] PackLoader:240 - Cannot read IP mode file for Infineon.AIROC-Wi-Fi-Bluetooth-STM32.1.6.0
2024-05-02 13:36:12,945 [INFO] ThirdParty:978 - Integrity check success = true
2024-05-02 13:36:12,945 [INFO] IntegrityCheckThread:100 - exiting critical section [integrity check]
2024-05-02 13:36:12,945 [INFO] IntegrityCheckThread:103 - End integrity checks thread
2024-05-02 13:36:14,659 [INFO] WebApp:780 - Register for checkConnection events
2024-05-02 13:36:14,659 [INFO] WebApp:414 - Apply proxy settings
2024-05-02 13:36:14,659 [INFO] WebApp:499 - Chromium requires no authentication
2024-05-02 13:36:14,675 [INFO] WebApp:442 - Direct internet connection detected
2024-05-02 13:36:14,912 [INFO] WebApp:192 - Starting web application
2024-05-02 13:36:14,912 [INFO] WebApp:544 - Web application path used C:\ST\STM32CubeIDE_1.14.1\STM32CubeIDE\plugins\com.st.stm32cube.common.mx_6.10.0.202311202037\db\plugins\mcufinder\reactClient1\index.html
2024-05-02 13:37:50,464 [ERROR] LogOutputStream:75 - [STDERR_REDIRECT] 
2024-05-02 13:38:23,131 [INFO] Activator:176 - 


2024-05-02 13:38:23,135 [INFO] Activator:177 - !SESSION log4j initialized
2024-05-02 13:38:31,624 [INFO] LogOutputStream:77 - [STDOUT_REDIRECT] 
2024-05-02 13:38:34,116 [INFO] ApplicationProperties:184 - Using Application install path: C:\ST\STM32CubeIDE_1.14.1\STM32CubeIDE\plugins\com.st.stm32cube.common.mx_6.10.0.202311202037
2024-05-02 13:38:34,146 [INFO] DbMcusXml:78 - Set database path to: C:\ST\STM32CubeIDE_1.14.1\STM32CubeIDE\plugins\com.st.stm32cube.common.mx_6.10.0.202311202037\\db\/mcu/
2024-05-02 13:38:34,147 [INFO] ApiDb:274 - Set plugin database path to: C:\ST\STM32CubeIDE_1.14.1\STM32CubeIDE\plugins\com.st.stm32cube.common.mx_6.10.0.202311202037\\db\/plugins/boardmanager/
2024-05-02 13:38:34,147 [WARN] ApiDb:259 - Overriding images path with different value:  => C:\ST\STM32CubeIDE_1.14.1\STM32CubeIDE\plugins\com.st.stm32cube.common.mx_6.10.0.202311202037\\db\/plugins/mcufinder/images/
2024-05-02 13:38:34,160 [INFO] ApiDb:250 - Set database path to: C:\Users\pc\.stmcufinder\plugins\mcufinder//mcu/
2024-05-02 13:38:34,162 [INFO] DbMcusAds:125 - Set database path to: C:\Users\pc\.stmcufinder\plugins\mcufinder//mcu/
2024-05-02 13:38:34,165 [INFO] CrossReferenceDbSqlite:203 - Set database path to: C:\Users\pc\.stmcufinder\plugins\mcufinder//mcu/cs/
2024-05-02 13:38:34,378 [INFO] RulesReader:64 - Compatibility file has been processed (297 Rules)
2024-05-02 13:38:34,524 [INFO] DbMcusXml:78 - Set database path to: C:\ST\STM32CubeIDE_1.14.1\STM32CubeIDE\plugins\com.st.stm32cube.common.mx_6.10.0.202311202037\\db\/mcu/
2024-05-02 13:38:34,524 [INFO] ApiDb:274 - Set plugin database path to: C:\ST\STM32CubeIDE_1.14.1\STM32CubeIDE\plugins\com.st.stm32cube.common.mx_6.10.0.202311202037\\db\/plugins/boardmanager/
2024-05-02 13:38:34,524 [INFO] ApiDb:261 - Set plugin images path to: C:\ST\STM32CubeIDE_1.14.1\STM32CubeIDE\plugins\com.st.stm32cube.common.mx_6.10.0.202311202037\\db\/plugins/mcufinder/images/
2024-05-02 13:38:34,525 [WARN] DbFile:41 - Overriding database path with different value: C:\Users\pc\.stmcufinder\plugins\mcufinder/ => C:\Users\pc\.stmcufinder\plugins\mcufinder
2024-05-02 13:38:34,525 [INFO] ApiDb:250 - Set database path to: C:\Users\pc\.stmcufinder\plugins\mcufinder//mcu/
2024-05-02 13:38:34,525 [WARN] DbFile:41 - Overriding database path with different value: C:\Users\pc\.stmcufinder\plugins\mcufinder/ => C:\Users\pc\.stmcufinder\plugins\mcufinder
2024-05-02 13:38:34,525 [INFO] DbMcusAds:125 - Set database path to: C:\Users\pc\.stmcufinder\plugins\mcufinder//mcu/
2024-05-02 13:38:34,526 [WARN] DbFile:41 - Overriding database path with different value: C:\Users\pc\.stmcufinder\plugins\mcufinder/ => C:\Users\pc\.stmcufinder\plugins\mcufinder
2024-05-02 13:38:34,526 [WARN] DbFile:41 - Overriding database path with different value: C:\Users\pc\.stmcufinder\plugins\mcufinder/ => C:\Users\pc\.stmcufinder\plugins\mcufinder
2024-05-02 13:38:34,526 [INFO] CrossReferenceDbSqlite:203 - Set database path to: C:\Users\pc\.stmcufinder\plugins\mcufinder//mcu/cs/
2024-05-02 13:38:34,652 [INFO] MainPanel:264 - HeapMemory: 268435456
2024-05-02 13:38:34,757 [INFO] DbMcusXml:78 - Set database path to: C:\ST\STM32CubeIDE_1.14.1\STM32CubeIDE\plugins\com.st.stm32cube.common.mx_6.10.0.202311202037\\db\/mcu/
2024-05-02 13:38:34,757 [INFO] ApiDb:274 - Set plugin database path to: C:\ST\STM32CubeIDE_1.14.1\STM32CubeIDE\plugins\com.st.stm32cube.common.mx_6.10.0.202311202037\\db\/plugins/boardmanager/
2024-05-02 13:38:34,757 [INFO] ApiDb:261 - Set plugin images path to: C:\ST\STM32CubeIDE_1.14.1\STM32CubeIDE\plugins\com.st.stm32cube.common.mx_6.10.0.202311202037\\db\/plugins/mcufinder/images/
2024-05-02 13:38:34,757 [WARN] DbFile:41 - Overriding database path with different value: C:\Users\pc\.stmcufinder\plugins\mcufinder/ => C:\Users\pc\.stmcufinder\plugins\mcufinder
2024-05-02 13:38:34,757 [INFO] ApiDb:250 - Set database path to: C:\Users\pc\.stmcufinder\plugins\mcufinder//mcu/
2024-05-02 13:38:34,757 [WARN] DbFile:41 - Overriding database path with different value: C:\Users\pc\.stmcufinder\plugins\mcufinder/ => C:\Users\pc\.stmcufinder\plugins\mcufinder
2024-05-02 13:38:34,757 [INFO] DbMcusAds:125 - Set database path to: C:\Users\pc\.stmcufinder\plugins\mcufinder//mcu/
2024-05-02 13:38:34,757 [WARN] DbFile:41 - Overriding database path with different value: C:\Users\pc\.stmcufinder\plugins\mcufinder/ => C:\Users\pc\.stmcufinder\plugins\mcufinder
2024-05-02 13:38:34,757 [WARN] DbFile:41 - Overriding database path with different value: C:\Users\pc\.stmcufinder\plugins\mcufinder/ => C:\Users\pc\.stmcufinder\plugins\mcufinder
2024-05-02 13:38:34,757 [INFO] CrossReferenceDbSqlite:203 - Set database path to: C:\Users\pc\.stmcufinder\plugins\mcufinder//mcu/cs/
2024-05-02 13:38:34,788 [INFO] ApplicationProperties:184 - Using Application install path: C:\ST\STM32CubeIDE_1.14.1\STM32CubeIDE\plugins\com.st.stm32cube.common.mx_6.10.0.202311202037
2024-05-02 13:38:34,788 [INFO] PluginManage:196 - Search for loadable plugins [exclusion list=, ]
2024-05-02 13:38:34,788 [INFO] PluginManage:310 - Check plugin analytics
2024-05-02 13:38:35,360 [INFO] AnalyticsPlugin:253 - Accepted Software Licenses: 
2024-05-02 13:38:35,361 [INFO] AnalyticsPlugin:255 - Accepted CMSIS Pack Licenses: 
2024-05-02 13:38:35,362 [INFO] AnalyticsPlugin:257 - Accepted Firmware Licenses: FW.L4.1.18.0,FW.F4.1.28.0
2024-05-02 13:38:35,367 [INFO] PluginManage:359 - Loaded plugin analytics (category:tool,tabindex:-1)
2024-05-02 13:38:35,367 [INFO] PluginManage:310 - Check plugin cadmodel
2024-05-02 13:38:35,375 [INFO] CADModel:105 - Init CAD model plugin
2024-05-02 13:38:35,375 [INFO] PluginManage:359 - Loaded plugin cadmodel (category:power,tabindex:5)
2024-05-02 13:38:35,376 [INFO] PluginManage:310 - Check plugin clock
2024-05-02 13:38:35,395 [INFO] PluginManage:359 - Loaded plugin clock (category:base,tabindex:2)
2024-05-02 13:38:35,396 [INFO] PluginManage:310 - Check plugin ddr
2024-05-02 13:38:35,400 [INFO] PluginManage:359 - Loaded plugin ddr (category:tool,tabindex:6)
2024-05-02 13:38:35,400 [INFO] PluginManage:310 - Check plugin filemanager
2024-05-02 13:38:36,087 [INFO] PluginManage:359 - Loaded plugin filemanager (category:base,tabindex:10)
2024-05-02 13:38:36,087 [INFO] PluginManage:310 - Check plugin ipmanager
2024-05-02 13:38:36,102 [INFO] PluginManage:359 - Loaded plugin ipmanager (category:base,tabindex:5)
2024-05-02 13:38:36,102 [INFO] PluginManage:310 - Check plugin lpbam
2024-05-02 13:38:36,118 [INFO] PluginManage:359 - Loaded plugin lpbam (category:base,tabindex:0)
2024-05-02 13:38:36,118 [INFO] PluginManage:310 - Check plugin memorymap
2024-05-02 13:38:36,149 [INFO] PluginManage:359 - Loaded plugin memorymap (category:base,tabindex:4)
2024-05-02 13:38:36,149 [INFO] PluginManage:310 - Check plugin pinoutandconfiguration
2024-05-02 13:38:36,165 [INFO] PluginManage:359 - Loaded plugin pinoutandconfiguration (category:base,tabindex:1)
2024-05-02 13:38:36,165 [INFO] PluginManage:310 - Check plugin pinoutconfig
2024-05-02 13:38:36,407 [WARN] SupportedApi:132 - Cannot load RTOS API schema: s4s-elt-must-match.1: The content of 'definitions' must match (annotation?, (simpleType | complexType)?, (unique | key | keyref)*)). A problem was found starting at: attribute.
2024-05-02 13:38:36,828 [INFO] PluginManage:359 - Loaded plugin pinoutconfig (category:base,tabindex:0)
2024-05-02 13:38:36,828 [INFO] PluginManage:310 - Check plugin power
2024-05-02 13:38:36,844 [INFO] PluginManage:359 - Loaded plugin power (category:power,tabindex:4)
2024-05-02 13:38:36,844 [INFO] PluginManage:310 - Check plugin projectmanager
2024-05-02 13:38:36,892 [INFO] PluginManage:359 - Loaded plugin projectmanager (category:projectmanager,tabindex:3)
2024-05-02 13:38:36,892 [INFO] PluginManage:310 - Check plugin thirdparty
2024-05-02 13:38:37,236 [INFO] PluginManage:359 - Loaded plugin thirdparty (category:base,tabindex:-1)
2024-05-02 13:38:37,236 [INFO] PluginManage:310 - Check plugin tools
2024-05-02 13:38:37,236 [WARN] IntegrityCheckThread:84 - waiting for thirdparty lock release [integrity check]
2024-05-02 13:38:37,236 [INFO] IntegrityCheckThread:86 - entering critical section [integrity check]
2024-05-02 13:38:37,236 [INFO] ThirdPartyUpdaterWithRetryManager:70 - Updater plugin not ready yet. [1/15]
2024-05-02 13:38:37,236 [INFO] PluginManage:359 - Loaded plugin tools (category:base,tabindex:7)
2024-05-02 13:38:37,236 [INFO] PluginManage:310 - Check plugin tutovideos
2024-05-02 13:38:37,704 [INFO] PluginManage:359 - Loaded plugin tutovideos (category:base,tabindex:-1)
2024-05-02 13:38:37,704 [INFO] PluginManage:310 - Check plugin updater
2024-05-02 13:38:37,723 [INFO] PluginManage:359 - Loaded plugin updater (category:base,tabindex:12)
2024-05-02 13:38:37,723 [INFO] PluginManage:310 - Check plugin userauth
2024-05-02 13:38:37,739 [INFO] UserAuth:114 - Init User Auth plugin
2024-05-02 13:38:37,739 [INFO] PluginManage:359 - Loaded plugin userauth (category:base,tabindex:14)
2024-05-02 13:38:37,739 [INFO] PluginManage:283 - PluginManage : Loaded plugins [17]
2024-05-02 13:38:38,245 [INFO] PinOutPanel:1499 - setPackage(No Configuration,No Configuration)
2024-05-02 13:38:38,401 [INFO] CADModel:165 - CPN selected for project level
2024-05-02 13:38:38,401 [INFO] CADModel:114 - Register for checkConnection events
2024-05-02 13:38:38,432 [INFO] IPUIPlugin:80 - create IPUIPlugin
2024-05-02 13:38:38,432 [INFO] PluginManager:220 - loadIPPluginJar : add adc
2024-05-02 13:38:38,432 [INFO] IPUIPlugin:80 - create IPUIPlugin
2024-05-02 13:38:38,432 [INFO] PluginManager:220 - loadIPPluginJar : add aes
2024-05-02 13:38:38,448 [INFO] IPUIPlugin:80 - create IPUIPlugin
2024-05-02 13:38:38,448 [INFO] PluginManager:220 - loadIPPluginJar : add can
2024-05-02 13:38:38,448 [INFO] IPUIPlugin:80 - create IPUIPlugin
2024-05-02 13:38:38,448 [INFO] PluginManager:220 - loadIPPluginJar : add comp
2024-05-02 13:38:38,448 [INFO] IPUIPlugin:80 - create IPUIPlugin
2024-05-02 13:38:38,448 [INFO] PluginManager:220 - loadIPPluginJar : add cryp
2024-05-02 13:38:38,463 [INFO] IPUIPlugin:80 - create IPUIPlugin
2024-05-02 13:38:38,463 [INFO] PluginManager:220 - loadIPPluginJar : add dfsdm
2024-05-02 13:38:38,463 [INFO] IPUIPlugin:80 - create IPUIPlugin
2024-05-02 13:38:38,463 [INFO] PluginManager:220 - loadIPPluginJar : add dma
2024-05-02 13:38:38,479 [INFO] IPUIPlugin:80 - create IPUIPlugin
2024-05-02 13:38:38,479 [INFO] PluginManager:220 - loadIPPluginJar : add dma3
2024-05-02 13:38:38,479 [INFO] IPUIPlugin:80 - create IPUIPlugin
2024-05-02 13:38:38,479 [INFO] PluginManager:220 - loadIPPluginJar : add fatfs
2024-05-02 13:38:38,495 [INFO] IPUIPlugin:80 - create IPUIPlugin
2024-05-02 13:38:38,495 [INFO] PluginManager:220 - loadIPPluginJar : add fmc
2024-05-02 13:38:38,495 [INFO] IPUIPlugin:80 - create IPUIPlugin
2024-05-02 13:38:38,495 [INFO] PluginManager:220 - loadIPPluginJar : add freertos
2024-05-02 13:38:38,495 [INFO] IPUIPlugin:80 - create IPUIPlugin
2024-05-02 13:38:38,495 [INFO] PluginManager:220 - loadIPPluginJar : add genericplugin
2024-05-02 13:38:38,510 [INFO] IPUIPlugin:80 - create IPUIPlugin
2024-05-02 13:38:38,510 [INFO] PluginManager:220 - loadIPPluginJar : add gfxmmu
2024-05-02 13:38:38,510 [INFO] IPUIPlugin:80 - create IPUIPlugin
2024-05-02 13:38:38,510 [INFO] PluginManager:220 - loadIPPluginJar : add gic
2024-05-02 13:38:38,510 [INFO] IPUIPlugin:80 - create IPUIPlugin
2024-05-02 13:38:38,510 [INFO] PluginManager:220 - loadIPPluginJar : add gpio
2024-05-02 13:38:38,526 [INFO] IPUIPlugin:80 - create IPUIPlugin
2024-05-02 13:38:38,526 [INFO] PluginManager:220 - loadIPPluginJar : add gtzc
2024-05-02 13:38:38,526 [INFO] IPUIPlugin:80 - create IPUIPlugin
2024-05-02 13:38:38,526 [INFO] PluginManager:220 - loadIPPluginJar : add hash
2024-05-02 13:38:38,526 [INFO] IPUIPlugin:80 - create IPUIPlugin
2024-05-02 13:38:38,526 [INFO] PluginManager:220 - loadIPPluginJar : add i2c
2024-05-02 13:38:38,526 [INFO] IPUIPlugin:80 - create IPUIPlugin
2024-05-02 13:38:38,526 [INFO] PluginManager:220 - loadIPPluginJar : add i2s
2024-05-02 13:38:38,541 [INFO] IPUIPlugin:80 - create IPUIPlugin
2024-05-02 13:38:38,541 [INFO] PluginManager:220 - loadIPPluginJar : add i3c
2024-05-02 13:38:38,541 [INFO] IPUIPlugin:80 - create IPUIPlugin
2024-05-02 13:38:38,541 [INFO] PluginManager:220 - loadIPPluginJar : add ipddr
2024-05-02 13:38:38,557 [INFO] IPUIPlugin:80 - create IPUIPlugin
2024-05-02 13:38:38,557 [INFO] PluginManager:220 - loadIPPluginJar : add linkedlist
2024-05-02 13:38:38,557 [INFO] IPUIPlugin:80 - create IPUIPlugin
2024-05-02 13:38:38,557 [INFO] PluginManager:220 - loadIPPluginJar : add lorawan
2024-05-02 13:38:38,557 [INFO] IPUIPlugin:80 - create IPUIPlugin
2024-05-02 13:38:38,557 [INFO] PluginManager:220 - loadIPPluginJar : add ltdc
2024-05-02 13:38:38,573 [INFO] IPUIPlugin:80 - create IPUIPlugin
2024-05-02 13:38:38,573 [INFO] PluginManager:220 - loadIPPluginJar : add mdma
2024-05-02 13:38:38,588 [INFO] IPUIPlugin:80 - create IPUIPlugin
2024-05-02 13:38:38,588 [INFO] PluginManager:220 - loadIPPluginJar : add nvic
2024-05-02 13:38:38,588 [INFO] IPUIPlugin:80 - create IPUIPlugin
2024-05-02 13:38:38,588 [INFO] PluginManager:220 - loadIPPluginJar : add opamp
2024-05-02 13:38:38,588 [INFO] IPUIPlugin:80 - create IPUIPlugin
2024-05-02 13:38:38,588 [INFO] PluginManager:220 - loadIPPluginJar : add openamp
2024-05-02 13:38:38,604 [INFO] IPUIPlugin:80 - create IPUIPlugin
2024-05-02 13:38:38,604 [INFO] PluginManager:220 - loadIPPluginJar : add pdm2pcm
2024-05-02 13:38:38,620 [INFO] IPUIPlugin:80 - create IPUIPlugin
2024-05-02 13:38:38,620 [INFO] PluginManager:220 - loadIPPluginJar : add plateformsettings
2024-05-02 13:38:38,620 [INFO] IPUIPlugin:80 - create IPUIPlugin
2024-05-02 13:38:38,620 [INFO] PluginManager:220 - loadIPPluginJar : add quadspi
2024-05-02 13:38:38,620 [INFO] IPUIPlugin:80 - create IPUIPlugin
2024-05-02 13:38:38,620 [INFO] PluginManager:220 - loadIPPluginJar : add resmgrutility
2024-05-02 13:38:38,635 [INFO] IPUIPlugin:80 - create IPUIPlugin
2024-05-02 13:38:38,635 [INFO] PluginManager:220 - loadIPPluginJar : add sai
2024-05-02 13:38:38,635 [INFO] IPUIPlugin:80 - create IPUIPlugin
2024-05-02 13:38:38,635 [INFO] PluginManager:220 - loadIPPluginJar : add spi
2024-05-02 13:38:38,635 [INFO] IPUIPlugin:80 - create IPUIPlugin
2024-05-02 13:38:38,635 [INFO] PluginManager:220 - loadIPPluginJar : add stm32_wpan
2024-05-02 13:38:38,651 [INFO] IPUIPlugin:80 - create IPUIPlugin
2024-05-02 13:38:38,651 [INFO] PluginManager:220 - loadIPPluginJar : add tim
2024-05-02 13:38:38,651 [INFO] IPUIPlugin:80 - create IPUIPlugin
2024-05-02 13:38:38,651 [INFO] PluginManager:220 - loadIPPluginJar : add touchsensing
2024-05-02 13:38:38,651 [INFO] IPUIPlugin:80 - create IPUIPlugin
2024-05-02 13:38:38,651 [INFO] PluginManager:220 - loadIPPluginJar : add tracer_emb
2024-05-02 13:38:38,651 [INFO] IPUIPlugin:80 - create IPUIPlugin
2024-05-02 13:38:38,651 [INFO] PluginManager:220 - loadIPPluginJar : add ts
2024-05-02 13:38:38,666 [INFO] IPUIPlugin:80 - create IPUIPlugin
2024-05-02 13:38:38,666 [INFO] PluginManager:220 - loadIPPluginJar : add tsc
2024-05-02 13:38:38,666 [INFO] IPUIPlugin:80 - create IPUIPlugin
2024-05-02 13:38:38,666 [INFO] PluginManager:220 - loadIPPluginJar : add ucpd
2024-05-02 13:38:38,666 [INFO] IPUIPlugin:80 - create IPUIPlugin
2024-05-02 13:38:38,666 [INFO] PluginManager:220 - loadIPPluginJar : add usart
2024-05-02 13:38:38,682 [INFO] IPUIPlugin:80 - create IPUIPlugin
2024-05-02 13:38:38,682 [INFO] PluginManager:220 - loadIPPluginJar : add usbx
2024-05-02 13:38:38,879 [INFO] CADModel:165 - CPN selected for project level
2024-05-02 13:38:38,879 [INFO] CADModel:114 - Register for checkConnection events
2024-05-02 13:38:38,879 [FATAL] Updater:308 - Updater called before beeing initialized
2024-05-02 13:38:38,879 [ERROR] CADModel:125 - Updater not yet initialized, retry later 
2024-05-02 13:38:39,133 [INFO] CADModel:165 - CPN selected for project level
2024-05-02 13:38:39,133 [INFO] CADModel:114 - Register for checkConnection events
2024-05-02 13:38:39,133 [FATAL] Updater:308 - Updater called before beeing initialized
2024-05-02 13:38:39,133 [ERROR] CADModel:125 - Updater not yet initialized, retry later 
2024-05-02 13:38:39,133 [FATAL] Updater:308 - Updater called before beeing initialized
2024-05-02 13:38:39,336 [FATAL] Updater:308 - Updater called before beeing initialized
2024-05-02 13:38:39,351 [INFO] DbMcusAds:53 - JSON generation date=Wed Nov 29 12:52:27 IST 2023 (1701255147349)
2024-05-02 13:38:39,351 [FATAL] Updater:308 - Updater called before beeing initialized
2024-05-02 13:38:39,392 [WARN] DetailPanel:346 - Failed to get advertising image, set to default
2024-05-02 13:38:39,533 [FATAL] Updater:308 - Updater called before beeing initialized
2024-05-02 13:38:39,533 [FATAL] Updater:308 - Updater called before beeing initialized
2024-05-02 13:38:39,533 [FATAL] Updater:308 - Updater called before beeing initialized
2024-05-02 13:38:39,533 [WARN] DetailPanel:346 - Failed to get advertising image, set to default
2024-05-02 13:38:39,533 [FATAL] Updater:308 - Updater called before beeing initialized
2024-05-02 13:38:39,642 [ERROR] Updater:1120 - MainUpdater not yet initialized. External WinMGr cannot be set.
2024-05-02 13:38:39,642 [INFO] Updater:1056 - Updater Version found : 6.10.0
2024-05-02 13:38:39,674 [INFO] ApplicationProperties:184 - Using Application install path: C:\ST\STM32CubeIDE_1.14.1\STM32CubeIDE\plugins\com.st.stm32cube.common.mx_6.10.0.202311202037
2024-05-02 13:38:40,246 [INFO] ThirdPartyUpdaterWithRetryManager:70 - Updater plugin not ready yet. [2/15]
2024-05-02 13:38:41,363 [ERROR] LogOutputStream:75 - [STDERR_REDIRECT] May 02, 2024 1:38:41 PM java.util.prefs.WindowsPreferences <init>
2024-05-02 13:38:41,372 [ERROR] LogOutputStream:75 - [STDERR_REDIRECT] WARNING: Could not open/create prefs root node Software\JavaSoft\Prefs at root 0xffffffff80000002. Windows RegCreateKeyEx(...) returned error code 5.
2024-05-02 13:38:41,373 [ERROR] LogOutputStream:75 - [STDERR_REDIRECT] 
2024-05-02 13:38:42,157 [INFO] MainUpdater:2873 - connection check result : 10
2024-05-02 13:38:42,157 [INFO] MainUpdater:290 - Updater Check For Update Now.
2024-05-02 13:38:42,157 [INFO] MicroXplorer:498 - Change Database Version : DB.6.0.100
2024-05-02 13:38:42,170 [INFO] McuFinderGlobals:63 - Set McuFinder mode to 2 (CubeIDE integrated)
2024-05-02 13:38:42,514 [INFO] CheckServerUpdateThread:120 - End of CheckServer Thread
2024-05-02 13:38:42,826 [INFO] UserAuth:404 - Internet connection configuration mode: 1
2024-05-02 13:38:42,842 [INFO] JxBrowserEngine:152 - Initiate JxBrowser Engine with user profile folder
2024-05-02 13:38:43,669 [WARN] PackLoader:240 - Cannot read IP mode file for STMicroelectronics.FP-SNS-MOTENVWB1.1.4.0
2024-05-02 13:38:43,701 [WARN] PackLoader:240 - Cannot read IP mode file for STMicroelectronics.X-CUBE-SMBUS.2.1.0
2024-05-02 13:38:43,701 [WARN] PackLoader:240 - Cannot read IP mode file for STMicroelectronics.X-CUBE-TOUCHGFX.4.23.1
2024-05-02 13:38:43,716 [WARN] PackLoader:240 - Cannot read IP mode file for STMicroelectronics.X-CUBE-TOUCHGFX.4.23.0
2024-05-02 13:38:43,716 [WARN] PackLoader:240 - Cannot read IP mode file for STMicroelectronics.X-CUBE-TOUCHGFX.4.23.2
2024-05-02 13:38:43,794 [WARN] PackLoader:240 - Cannot read IP mode file for STMicroelectronics.X-CUBE-AZRTOS-F7.1.1.0
2024-05-02 13:38:43,826 [WARN] PackLoader:240 - Cannot read IP mode file for STMicroelectronics.FP-SNS-MOTENV1.4.3.2
2024-05-02 13:38:43,841 [WARN] PackLoader:240 - Cannot read IP mode file for STMicroelectronics.FP-SNS-FLIGHT1.5.0.2
2024-05-02 13:38:43,857 [WARN] PackLoader:240 - Cannot read IP mode file for STMicroelectronics.X-CUBE-DISPLAY.3.0.0
2024-05-02 13:38:43,882 [WARN] PackLoader:240 - Cannot read IP mode file for STMicroelectronics.X-CUBE-BLE1.7.0.0
2024-05-02 13:38:43,903 [WARN] PackLoader:240 - Cannot read IP mode file for emotas.I-CUBE-CANOPEN.1.3.0
2024-05-02 13:38:43,918 [WARN] PackLoader:240 - Cannot read IP mode file for STMicroelectronics.X-CUBE-BLEMGR.3.1.0
2024-05-02 13:38:43,950 [WARN] PackLoader:240 - Cannot read IP mode file for STMicroelectronics.FP-SNS-SMARTAG2.1.2.0
2024-05-02 13:38:43,997 [INFO] LogOutputStream:77 - [STDOUT_REDIRECT] 1 : Invalid condition id : UX_CORESTACK_Condition cause : null
2024-05-02 13:38:43,997 [INFO] LogOutputStream:77 - [STDOUT_REDIRECT] 1 : Invalid condition id : UX_CORESTACK_Condition cause : null
2024-05-02 13:38:44,013 [INFO] LogOutputStream:77 - [STDOUT_REDIRECT] 1 : Invalid condition id : UX_CORESTACK_Condition cause : null
2024-05-02 13:38:44,013 [INFO] LogOutputStream:77 - [STDOUT_REDIRECT] 1 : Invalid condition id : UX_CORESTACK_Condition cause : null
2024-05-02 13:38:44,013 [INFO] LogOutputStream:77 - [STDOUT_REDIRECT] 1 : Invalid condition id : UX_CORESTACK_Condition cause : null
2024-05-02 13:38:44,013 [WARN] PackLoader:240 - Cannot read IP mode file for STMicroelectronics.X-CUBE-AZRTOS-WL.2.0.0
2024-05-02 13:38:44,044 [WARN] PackLoader:240 - Cannot read IP mode file for STMicroelectronics.FP-SNS-MOTENV1.5.0.0
2024-05-02 13:38:44,060 [WARN] PackLoader:240 - Cannot read IP mode file for WES.I-CUBE-Cesium.1.3.0
2024-05-02 13:38:44,075 [WARN] PackLoader:240 - Cannot read IP mode file for STMicroelectronics.X-CUBE-BLE2.3.3.0
2024-05-02 13:38:44,075 [WARN] PackLoader:240 - Cannot read IP mode file for STMicroelectronics.X-CUBE-TCPP.4.1.0
2024-05-02 13:38:44,107 [WARN] PackLoader:240 - Cannot read IP mode file for STMicroelectronics.X-CUBE-ALGOBUILD.1.3.0
2024-05-02 13:38:44,154 [WARN] PackLoader:240 - Cannot read IP mode file for STMicroelectronics.X-CUBE-AZRTOS-G0.1.1.0
2024-05-02 13:38:44,169 [WARN] PackLoader:240 - Cannot read IP mode file for STMicroelectronics.X-CUBE-SAFEA1.1.2.2
2024-05-02 13:38:44,169 [WARN] PackLoader:240 - Cannot read IP mode file for STMicroelectronics.X-CUBE-NFC4.3.0.0
2024-05-02 13:38:44,185 [WARN] PackLoader:240 - Cannot read IP mode file for wolfSSL.I-CUBE-wolfSSL.5.7.0
2024-05-02 13:38:44,216 [WARN] PackLoader:240 - Cannot read IP mode file for STMicroelectronics.FP-ATR-SIGFOX1.3.2.0
2024-05-02 13:38:44,216 [WARN] PackLoader:240 - Cannot read IP mode file for STMicroelectronics.X-CUBE-EEPRMA1.5.1.0
2024-05-02 13:38:44,232 [WARN] PackLoader:240 - Cannot read IP mode file for ITTIA_DB.I-CUBE-ITTIADB.8.9.0
2024-05-02 13:38:44,310 [WARN] PackLoader:240 - Cannot read IP mode file for SEGGER.I-CUBE-embOS.1.3.1
2024-05-02 13:38:44,419 [WARN] PackLoader:240 - Cannot read IP mode file for STMicroelectronics.X-CUBE-GNSS1.6.0.0
2024-05-02 13:38:44,466 [WARN] PackLoader:240 - Cannot read IP mode file for STMicroelectronics.X-CUBE-AZRTOS-F4.1.1.0
2024-05-02 13:38:44,544 [WARN] PackLoader:240 - Cannot read IP mode file for STMicroelectronics.X-CUBE-FREERTOS.1.2.0
2024-05-02 13:38:44,544 [WARN] PackLoader:240 - Cannot read IP mode file for wolfSSL.I-CUBE-wolfSSL.5.6.6
2024-05-02 13:38:44,575 [WARN] PackLoader:240 - Cannot read IP mode file for STMicroelectronics.X-CUBE-AZRTOS-L5.2.0.0
2024-05-02 13:38:44,591 [WARN] PackLoader:240 - Cannot read IP mode file for STMicroelectronics.X-CUBE-NFC6.3.1.0
2024-05-02 13:38:44,607 [WARN] PackLoader:240 - Cannot read IP mode file for ITTIA_DB.I-CUBE-ITTIADB.8.8.0
2024-05-02 13:38:44,607 [WARN] PackLoader:240 - Cannot read IP mode file for STMicroelectronics.X-CUBE-AI.9.0.0
2024-05-02 13:38:44,638 [WARN] PackLoader:240 - Cannot read IP mode file for STMicroelectronics.X-CUBE-NFC7.1.0.1
2024-05-02 13:38:44,653 [WARN] PackLoader:240 - Cannot read IP mode file for STMicroelectronics.X-CUBE-NFC6.3.0.0
2024-05-02 13:38:44,669 [WARN] PackLoader:240 - Cannot read IP mode file for STMicroelectronics.X-CUBE-AI.8.1.0
2024-05-02 13:38:44,700 [WARN] ConditionMgr:438 - getConditionDescription Invalid condition id : LAN8742 Phy interface Condition cause : null
2024-05-02 13:38:44,700 [WARN] PackLoader:240 - Cannot read IP mode file for STMicroelectronics.X-CUBE-AZRTOS-L4.2.0.0
2024-05-02 13:38:44,716 [WARN] ConditionMgr:1039 - genDependencies : Invalid condition id : LAN8742 Phy interface Condition cause : null
2024-05-02 13:38:44,716 [WARN] ConditionMgr:1039 - genDependencies : Invalid condition id : LAN8742 Phy interface Condition cause : null
2024-05-02 13:38:44,716 [WARN] ConditionMgr:1039 - genDependencies : Invalid condition id : LAN8742 Phy interface Condition cause : null
2024-05-02 13:38:44,732 [WARN] PackLoader:240 - Cannot read IP mode file for STMicroelectronics.X-CUBE-SFXS2LP1.4.0.0
2024-05-02 13:38:44,763 [WARN] ConditionMgr:438 - getConditionDescription Invalid condition id : UX DEVICE CLASS RTOS Condition cause : null
2024-05-02 13:38:44,763 [WARN] ConditionMgr:438 - getConditionDescription Invalid condition id : UX DEVICE CLASS RTOS Condition cause : null
2024-05-02 13:38:44,778 [WARN] PackLoader:240 - Cannot read IP mode file for STMicroelectronics.X-CUBE-AZRTOS-WB.2.0.0
2024-05-02 13:38:44,778 [WARN] ConditionMgr:1039 - genDependencies : Invalid condition id : UX DEVICE CLASS RTOS Condition cause : null
2024-05-02 13:38:44,778 [WARN] ConditionMgr:1039 - genDependencies : Invalid condition id : UX DEVICE CLASS RTOS Condition cause : null
2024-05-02 13:38:44,778 [WARN] ConditionMgr:1039 - genDependencies : Invalid condition id : UX DEVICE CLASS RTOS Condition cause : null
2024-05-02 13:38:44,778 [WARN] ConditionMgr:1039 - genDependencies : Invalid condition id : UX DEVICE CLASS RTOS Condition cause : null
2024-05-02 13:38:44,778 [WARN] ConditionMgr:1039 - genDependencies : Invalid condition id : UX DEVICE CLASS RTOS Condition cause : null
2024-05-02 13:38:44,794 [WARN] PackLoader:240 - Cannot read IP mode file for STMicroelectronics.X-CUBE-SUBG2.5.0.0
2024-05-02 13:38:44,841 [WARN] PackLoader:240 - Cannot read IP mode file for STMicroelectronics.X-CUBE-AZRTOS-G4.2.0.0
2024-05-02 13:38:44,857 [INFO] WebApp:161 - Instantiating new browser for Auth
2024-05-02 13:38:44,872 [WARN] PackLoader:240 - Cannot read IP mode file for Infineon.AIROC-Wi-Fi-Bluetooth-STM32.1.5.1
2024-05-02 13:38:44,903 [WARN] PackLoader:240 - Cannot read IP mode file for STMicroelectronics.FP-SNS-MOTENVWB1.1.3.1
2024-05-02 13:38:44,919 [WARN] PackLoader:240 - Cannot read IP mode file for STMicroelectronics.X-CUBE-ISPU.2.0.0
2024-05-02 13:38:45,075 [WARN] PackLoader:240 - Cannot read IP mode file for STMicroelectronics.X-CUBE-MEMS1.10.0.0
2024-05-02 13:38:45,497 [WARN] PackLoader:240 - Cannot read IP mode file for STMicroelectronics.X-CUBE-FREERTOS.1.1.0
2024-05-02 13:38:45,513 [WARN] PackLoader:240 - Cannot read IP mode file for portGmbH.I-Cube-SoM-uGOAL.1.1.0
2024-05-02 13:38:45,528 [WARN] PackLoader:240 - Cannot read IP mode file for STMicroelectronics.X-CUBE-ALS.1.0.1
2024-05-02 13:38:45,607 [WARN] PackLoader:240 - Cannot read IP mode file for STMicroelectronics.X-CUBE-AZRTOS-H7RS.1.0.0
2024-05-02 13:38:45,622 [WARN] PackLoader:240 - Cannot read IP mode file for STMicroelectronics.FP-ATR-ASTRA1.2.0.0
2024-05-02 13:38:45,631 [WARN] PackLoader:240 - Cannot read IP mode file for STMicroelectronics.X-CUBE-TOF1.3.4.1
2024-05-02 13:38:45,741 [WARN] PackLoader:240 - Cannot read IP mode file for STMicroelectronics.X-CUBE-AZRTOS-H7.3.2.0
2024-05-02 13:38:45,803 [WARN] PackLoader:240 - Cannot read IP mode file for Infineon.AIROC-Wi-Fi-Bluetooth-STM32.1.6.0
2024-05-02 13:38:45,819 [INFO] ThirdParty:978 - Integrity check success = true
2024-05-02 13:38:45,819 [INFO] IntegrityCheckThread:100 - exiting critical section [integrity check]
2024-05-02 13:38:45,819 [INFO] IntegrityCheckThread:103 - End integrity checks thread
2024-05-02 13:38:48,071 [INFO] WebApp:780 - Register for checkConnection events
2024-05-02 13:38:48,071 [INFO] WebApp:414 - Apply proxy settings
2024-05-02 13:38:48,071 [INFO] WebApp:499 - Chromium requires no authentication
2024-05-02 13:38:48,082 [INFO] WebApp:442 - Direct internet connection detected
2024-05-02 13:38:48,266 [INFO] WebApp:192 - Starting web application
2024-05-02 13:38:48,266 [INFO] WebApp:544 - Web application path used C:\ST\STM32CubeIDE_1.14.1\STM32CubeIDE\plugins\com.st.stm32cube.common.mx_6.10.0.202311202037\db\plugins\mcufinder\reactClient1\index.html
2024-05-02 13:42:05,223 [ERROR] LogOutputStream:75 - [STDERR_REDIRECT] 
2024-05-02 13:42:05,223 [ERROR] LogOutputStream:75 - [STDERR_REDIRECT] 
