2024-05-02 13:28:28,250 [INFO] Activator:176 - 


2024-05-02 13:28:28,257 [INFO] Activator:177 - !SESSION log4j initialized
2024-05-02 13:28:36,257 [INFO] LogOutputStream:77 - [STDOUT_REDIRECT] 
2024-05-02 13:28:43,755 [INFO] ApplicationProperties:184 - Using Application install path: C:\ST\STM32CubeIDE_1.14.1\STM32CubeIDE\plugins\com.st.stm32cube.common.mx_6.10.0.202311202037
2024-05-02 13:28:43,809 [INFO] DbMcusXml:78 - Set database path to: C:\ST\STM32CubeIDE_1.14.1\STM32CubeIDE\plugins\com.st.stm32cube.common.mx_6.10.0.202311202037\\db\/mcu/
2024-05-02 13:28:43,809 [INFO] ApiDb:274 - Set plugin database path to: C:\ST\STM32CubeIDE_1.14.1\STM32CubeIDE\plugins\com.st.stm32cube.common.mx_6.10.0.202311202037\\db\/plugins/boardmanager/
2024-05-02 13:28:43,811 [WARN] ApiDb:259 - Overriding images path with different value:  => C:\ST\STM32CubeIDE_1.14.1\STM32CubeIDE\plugins\com.st.stm32cube.common.mx_6.10.0.202311202037\\db\/plugins/mcufinder/images/
2024-05-02 13:28:43,838 [INFO] ApiDb:250 - Set database path to: C:\Users\pc\.stmcufinder\plugins\mcufinder//mcu/
2024-05-02 13:28:43,844 [INFO] DbMcusAds:125 - Set database path to: C:\Users\pc\.stmcufinder\plugins\mcufinder//mcu/
2024-05-02 13:28:43,849 [INFO] CrossReferenceDbSqlite:203 - Set database path to: C:\Users\pc\.stmcufinder\plugins\mcufinder//mcu/cs/
2024-05-02 13:28:44,097 [INFO] RulesReader:64 - Compatibility file has been processed (297 Rules)
2024-05-02 13:28:44,512 [INFO] DbMcusXml:78 - Set database path to: C:\ST\STM32CubeIDE_1.14.1\STM32CubeIDE\plugins\com.st.stm32cube.common.mx_6.10.0.202311202037\\db\/mcu/
2024-05-02 13:28:44,513 [INFO] ApiDb:274 - Set plugin database path to: C:\ST\STM32CubeIDE_1.14.1\STM32CubeIDE\plugins\com.st.stm32cube.common.mx_6.10.0.202311202037\\db\/plugins/boardmanager/
2024-05-02 13:28:44,514 [INFO] ApiDb:261 - Set plugin images path to: C:\ST\STM32CubeIDE_1.14.1\STM32CubeIDE\plugins\com.st.stm32cube.common.mx_6.10.0.202311202037\\db\/plugins/mcufinder/images/
2024-05-02 13:28:44,515 [WARN] DbFile:41 - Overriding database path with different value: C:\Users\pc\.stmcufinder\plugins\mcufinder/ => C:\Users\pc\.stmcufinder\plugins\mcufinder
2024-05-02 13:28:44,516 [INFO] ApiDb:250 - Set database path to: C:\Users\pc\.stmcufinder\plugins\mcufinder//mcu/
2024-05-02 13:28:44,517 [WARN] DbFile:41 - Overriding database path with different value: C:\Users\pc\.stmcufinder\plugins\mcufinder/ => C:\Users\pc\.stmcufinder\plugins\mcufinder
2024-05-02 13:28:44,517 [INFO] DbMcusAds:125 - Set database path to: C:\Users\pc\.stmcufinder\plugins\mcufinder//mcu/
2024-05-02 13:28:44,517 [WARN] DbFile:41 - Overriding database path with different value: C:\Users\pc\.stmcufinder\plugins\mcufinder/ => C:\Users\pc\.stmcufinder\plugins\mcufinder
2024-05-02 13:28:44,517 [WARN] DbFile:41 - Overriding database path with different value: C:\Users\pc\.stmcufinder\plugins\mcufinder/ => C:\Users\pc\.stmcufinder\plugins\mcufinder
2024-05-02 13:28:44,518 [INFO] CrossReferenceDbSqlite:203 - Set database path to: C:\Users\pc\.stmcufinder\plugins\mcufinder//mcu/cs/
2024-05-02 13:28:44,796 [INFO] MainPanel:264 - HeapMemory: 268435456
2024-05-02 13:28:45,139 [INFO] DbMcusXml:78 - Set database path to: C:\ST\STM32CubeIDE_1.14.1\STM32CubeIDE\plugins\com.st.stm32cube.common.mx_6.10.0.202311202037\\db\/mcu/
2024-05-02 13:28:45,139 [INFO] ApiDb:274 - Set plugin database path to: C:\ST\STM32CubeIDE_1.14.1\STM32CubeIDE\plugins\com.st.stm32cube.common.mx_6.10.0.202311202037\\db\/plugins/boardmanager/
2024-05-02 13:28:45,139 [INFO] ApiDb:261 - Set plugin images path to: C:\ST\STM32CubeIDE_1.14.1\STM32CubeIDE\plugins\com.st.stm32cube.common.mx_6.10.0.202311202037\\db\/plugins/mcufinder/images/
2024-05-02 13:28:45,141 [WARN] DbFile:41 - Overriding database path with different value: C:\Users\pc\.stmcufinder\plugins\mcufinder/ => C:\Users\pc\.stmcufinder\plugins\mcufinder
2024-05-02 13:28:45,141 [INFO] ApiDb:250 - Set database path to: C:\Users\pc\.stmcufinder\plugins\mcufinder//mcu/
2024-05-02 13:28:45,141 [WARN] DbFile:41 - Overriding database path with different value: C:\Users\pc\.stmcufinder\plugins\mcufinder/ => C:\Users\pc\.stmcufinder\plugins\mcufinder
2024-05-02 13:28:45,141 [INFO] DbMcusAds:125 - Set database path to: C:\Users\pc\.stmcufinder\plugins\mcufinder//mcu/
2024-05-02 13:28:45,142 [WARN] DbFile:41 - Overriding database path with different value: C:\Users\pc\.stmcufinder\plugins\mcufinder/ => C:\Users\pc\.stmcufinder\plugins\mcufinder
2024-05-02 13:28:45,142 [WARN] DbFile:41 - Overriding database path with different value: C:\Users\pc\.stmcufinder\plugins\mcufinder/ => C:\Users\pc\.stmcufinder\plugins\mcufinder
2024-05-02 13:28:45,142 [INFO] CrossReferenceDbSqlite:203 - Set database path to: C:\Users\pc\.stmcufinder\plugins\mcufinder//mcu/cs/
2024-05-02 13:28:45,207 [INFO] ApplicationProperties:184 - Using Application install path: C:\ST\STM32CubeIDE_1.14.1\STM32CubeIDE\plugins\com.st.stm32cube.common.mx_6.10.0.202311202037
2024-05-02 13:28:45,211 [INFO] PluginManage:196 - Search for loadable plugins [exclusion list=, ]
2024-05-02 13:28:45,216 [INFO] PluginManage:310 - Check plugin analytics
2024-05-02 13:28:46,103 [INFO] AnalyticsPlugin:253 - Accepted Software Licenses: 
2024-05-02 13:28:46,104 [INFO] AnalyticsPlugin:255 - Accepted CMSIS Pack Licenses: 
2024-05-02 13:28:46,104 [INFO] AnalyticsPlugin:257 - Accepted Firmware Licenses: FW.L4.1.18.0,FW.F4.1.28.0
2024-05-02 13:28:46,109 [INFO] PluginManage:359 - Loaded plugin analytics (category:tool,tabindex:-1)
2024-05-02 13:28:46,109 [INFO] PluginManage:310 - Check plugin cadmodel
2024-05-02 13:28:46,152 [INFO] CADModel:105 - Init CAD model plugin
2024-05-02 13:28:46,152 [INFO] PluginManage:359 - Loaded plugin cadmodel (category:power,tabindex:5)
2024-05-02 13:28:46,153 [INFO] PluginManage:310 - Check plugin clock
2024-05-02 13:28:46,206 [INFO] PluginManage:359 - Loaded plugin clock (category:base,tabindex:2)
2024-05-02 13:28:46,207 [INFO] PluginManage:310 - Check plugin ddr
2024-05-02 13:28:46,213 [INFO] PluginManage:359 - Loaded plugin ddr (category:tool,tabindex:6)
2024-05-02 13:28:46,214 [INFO] PluginManage:310 - Check plugin filemanager
2024-05-02 13:28:46,510 [INFO] PluginManage:359 - Loaded plugin filemanager (category:base,tabindex:10)
2024-05-02 13:28:46,511 [INFO] PluginManage:310 - Check plugin ipmanager
2024-05-02 13:28:46,527 [INFO] PluginManage:359 - Loaded plugin ipmanager (category:base,tabindex:5)
2024-05-02 13:28:46,528 [INFO] PluginManage:310 - Check plugin lpbam
2024-05-02 13:28:46,561 [INFO] PluginManage:359 - Loaded plugin lpbam (category:base,tabindex:0)
2024-05-02 13:28:46,562 [INFO] PluginManage:310 - Check plugin memorymap
2024-05-02 13:28:46,621 [INFO] PluginManage:359 - Loaded plugin memorymap (category:base,tabindex:4)
2024-05-02 13:28:46,621 [INFO] PluginManage:310 - Check plugin pinoutandconfiguration
2024-05-02 13:28:46,652 [INFO] PluginManage:359 - Loaded plugin pinoutandconfiguration (category:base,tabindex:1)
2024-05-02 13:28:46,653 [INFO] PluginManage:310 - Check plugin pinoutconfig
2024-05-02 13:28:46,854 [WARN] SupportedApi:132 - Cannot load RTOS API schema: s4s-elt-must-match.1: The content of 'definitions' must match (annotation?, (simpleType | complexType)?, (unique | key | keyref)*)). A problem was found starting at: attribute.
2024-05-02 13:28:47,321 [INFO] PluginManage:359 - Loaded plugin pinoutconfig (category:base,tabindex:0)
2024-05-02 13:28:47,321 [INFO] PluginManage:310 - Check plugin power
2024-05-02 13:28:47,397 [INFO] PluginManage:359 - Loaded plugin power (category:power,tabindex:4)
2024-05-02 13:28:47,398 [INFO] PluginManage:310 - Check plugin projectmanager
2024-05-02 13:28:47,469 [INFO] PluginManage:359 - Loaded plugin projectmanager (category:projectmanager,tabindex:3)
2024-05-02 13:28:47,470 [INFO] PluginManage:310 - Check plugin thirdparty
2024-05-02 13:28:48,554 [INFO] PluginManage:359 - Loaded plugin thirdparty (category:base,tabindex:-1)
2024-05-02 13:28:48,555 [INFO] PluginManage:310 - Check plugin tools
2024-05-02 13:28:48,561 [WARN] IntegrityCheckThread:84 - waiting for thirdparty lock release [integrity check]
2024-05-02 13:28:48,570 [INFO] IntegrityCheckThread:86 - entering critical section [integrity check]
2024-05-02 13:28:48,573 [INFO] ThirdPartyUpdaterWithRetryManager:70 - Updater plugin not ready yet. [1/15]
2024-05-02 13:28:48,676 [INFO] PluginManage:359 - Loaded plugin tools (category:base,tabindex:7)
2024-05-02 13:28:48,676 [INFO] PluginManage:310 - Check plugin tutovideos
2024-05-02 13:28:49,291 [INFO] PluginManage:359 - Loaded plugin tutovideos (category:base,tabindex:-1)
2024-05-02 13:28:49,291 [INFO] PluginManage:310 - Check plugin updater
2024-05-02 13:28:49,330 [INFO] PluginManage:359 - Loaded plugin updater (category:base,tabindex:12)
2024-05-02 13:28:49,331 [INFO] PluginManage:310 - Check plugin userauth
2024-05-02 13:28:49,346 [INFO] UserAuth:114 - Init User Auth plugin
2024-05-02 13:28:49,346 [INFO] PluginManage:359 - Loaded plugin userauth (category:base,tabindex:14)
2024-05-02 13:28:49,347 [INFO] PluginManage:283 - PluginManage : Loaded plugins [17]
2024-05-02 13:28:50,075 [INFO] PinOutPanel:1499 - setPackage(No Configuration,No Configuration)
2024-05-02 13:28:50,259 [INFO] CADModel:165 - CPN selected for project level
2024-05-02 13:28:50,259 [INFO] CADModel:114 - Register for checkConnection events
2024-05-02 13:28:50,333 [INFO] IPUIPlugin:80 - create IPUIPlugin
2024-05-02 13:28:50,333 [INFO] PluginManager:220 - loadIPPluginJar : add adc
2024-05-02 13:28:50,435 [INFO] IPUIPlugin:80 - create IPUIPlugin
2024-05-02 13:28:50,437 [INFO] PluginManager:220 - loadIPPluginJar : add aes
2024-05-02 13:28:50,513 [INFO] IPUIPlugin:80 - create IPUIPlugin
2024-05-02 13:28:50,513 [INFO] PluginManager:220 - loadIPPluginJar : add can
2024-05-02 13:28:50,563 [INFO] IPUIPlugin:80 - create IPUIPlugin
2024-05-02 13:28:50,564 [INFO] PluginManager:220 - loadIPPluginJar : add comp
2024-05-02 13:28:50,617 [INFO] IPUIPlugin:80 - create IPUIPlugin
2024-05-02 13:28:50,617 [INFO] PluginManager:220 - loadIPPluginJar : add cryp
2024-05-02 13:28:50,665 [INFO] IPUIPlugin:80 - create IPUIPlugin
2024-05-02 13:28:50,665 [INFO] PluginManager:220 - loadIPPluginJar : add dfsdm
2024-05-02 13:28:50,688 [INFO] IPUIPlugin:80 - create IPUIPlugin
2024-05-02 13:28:50,689 [INFO] PluginManager:220 - loadIPPluginJar : add dma
2024-05-02 13:28:50,774 [INFO] IPUIPlugin:80 - create IPUIPlugin
2024-05-02 13:28:50,775 [INFO] PluginManager:220 - loadIPPluginJar : add dma3
2024-05-02 13:28:50,808 [INFO] IPUIPlugin:80 - create IPUIPlugin
2024-05-02 13:28:50,808 [INFO] PluginManager:220 - loadIPPluginJar : add fatfs
2024-05-02 13:28:50,945 [INFO] IPUIPlugin:80 - create IPUIPlugin
2024-05-02 13:28:50,946 [INFO] PluginManager:220 - loadIPPluginJar : add fmc
2024-05-02 13:28:51,015 [INFO] IPUIPlugin:80 - create IPUIPlugin
2024-05-02 13:28:51,016 [INFO] PluginManager:220 - loadIPPluginJar : add freertos
2024-05-02 13:28:51,119 [INFO] IPUIPlugin:80 - create IPUIPlugin
2024-05-02 13:28:51,120 [INFO] PluginManager:220 - loadIPPluginJar : add genericplugin
2024-05-02 13:28:51,374 [INFO] IPUIPlugin:80 - create IPUIPlugin
2024-05-02 13:28:51,375 [INFO] PluginManager:220 - loadIPPluginJar : add gfxmmu
2024-05-02 13:28:51,574 [INFO] ThirdPartyUpdaterWithRetryManager:70 - Updater plugin not ready yet. [2/15]
2024-05-02 13:28:51,579 [INFO] IPUIPlugin:80 - create IPUIPlugin
2024-05-02 13:28:51,580 [INFO] PluginManager:220 - loadIPPluginJar : add gic
2024-05-02 13:28:51,624 [INFO] IPUIPlugin:80 - create IPUIPlugin
2024-05-02 13:28:51,624 [INFO] PluginManager:220 - loadIPPluginJar : add gpio
2024-05-02 13:28:51,778 [INFO] IPUIPlugin:80 - create IPUIPlugin
2024-05-02 13:28:51,778 [INFO] PluginManager:220 - loadIPPluginJar : add gtzc
2024-05-02 13:28:51,874 [INFO] IPUIPlugin:80 - create IPUIPlugin
2024-05-02 13:28:51,875 [INFO] PluginManager:220 - loadIPPluginJar : add hash
2024-05-02 13:28:51,969 [INFO] IPUIPlugin:80 - create IPUIPlugin
2024-05-02 13:28:51,969 [INFO] PluginManager:220 - loadIPPluginJar : add i2c
2024-05-02 13:28:52,039 [INFO] IPUIPlugin:80 - create IPUIPlugin
2024-05-02 13:28:52,039 [INFO] PluginManager:220 - loadIPPluginJar : add i2s
2024-05-02 13:28:52,124 [INFO] IPUIPlugin:80 - create IPUIPlugin
2024-05-02 13:28:52,124 [INFO] PluginManager:220 - loadIPPluginJar : add i3c
2024-05-02 13:28:52,404 [INFO] IPUIPlugin:80 - create IPUIPlugin
2024-05-02 13:28:52,404 [INFO] PluginManager:220 - loadIPPluginJar : add ipddr
2024-05-02 13:28:52,737 [INFO] IPUIPlugin:80 - create IPUIPlugin
2024-05-02 13:28:52,738 [INFO] PluginManager:220 - loadIPPluginJar : add linkedlist
2024-05-02 13:28:52,896 [INFO] IPUIPlugin:80 - create IPUIPlugin
2024-05-02 13:28:52,897 [INFO] PluginManager:220 - loadIPPluginJar : add lorawan
2024-05-02 13:28:53,047 [INFO] IPUIPlugin:80 - create IPUIPlugin
2024-05-02 13:28:53,048 [INFO] PluginManager:220 - loadIPPluginJar : add ltdc
2024-05-02 13:28:53,085 [INFO] IPUIPlugin:80 - create IPUIPlugin
2024-05-02 13:28:53,087 [INFO] PluginManager:220 - loadIPPluginJar : add mdma
2024-05-02 13:28:53,113 [INFO] IPUIPlugin:80 - create IPUIPlugin
2024-05-02 13:28:53,114 [INFO] PluginManager:220 - loadIPPluginJar : add nvic
2024-05-02 13:28:53,225 [INFO] IPUIPlugin:80 - create IPUIPlugin
2024-05-02 13:28:53,227 [INFO] PluginManager:220 - loadIPPluginJar : add opamp
2024-05-02 13:28:53,489 [INFO] IPUIPlugin:80 - create IPUIPlugin
2024-05-02 13:28:53,490 [INFO] PluginManager:220 - loadIPPluginJar : add openamp
2024-05-02 13:28:53,762 [INFO] IPUIPlugin:80 - create IPUIPlugin
2024-05-02 13:28:53,762 [INFO] PluginManager:220 - loadIPPluginJar : add pdm2pcm
2024-05-02 13:28:53,784 [INFO] IPUIPlugin:80 - create IPUIPlugin
2024-05-02 13:28:53,788 [INFO] PluginManager:220 - loadIPPluginJar : add plateformsettings
2024-05-02 13:28:53,822 [INFO] IPUIPlugin:80 - create IPUIPlugin
2024-05-02 13:28:53,822 [INFO] PluginManager:220 - loadIPPluginJar : add quadspi
2024-05-02 13:28:53,842 [INFO] IPUIPlugin:80 - create IPUIPlugin
2024-05-02 13:28:53,842 [INFO] PluginManager:220 - loadIPPluginJar : add resmgrutility
2024-05-02 13:28:53,919 [INFO] IPUIPlugin:80 - create IPUIPlugin
2024-05-02 13:28:53,919 [INFO] PluginManager:220 - loadIPPluginJar : add sai
2024-05-02 13:28:53,978 [INFO] IPUIPlugin:80 - create IPUIPlugin
2024-05-02 13:28:53,979 [INFO] PluginManager:220 - loadIPPluginJar : add spi
2024-05-02 13:28:54,094 [INFO] IPUIPlugin:80 - create IPUIPlugin
2024-05-02 13:28:54,095 [INFO] PluginManager:220 - loadIPPluginJar : add stm32_wpan
2024-05-02 13:28:54,132 [INFO] IPUIPlugin:80 - create IPUIPlugin
2024-05-02 13:28:54,133 [INFO] PluginManager:220 - loadIPPluginJar : add tim
2024-05-02 13:28:54,251 [INFO] IPUIPlugin:80 - create IPUIPlugin
2024-05-02 13:28:54,251 [INFO] PluginManager:220 - loadIPPluginJar : add touchsensing
2024-05-02 13:28:54,285 [INFO] IPUIPlugin:80 - create IPUIPlugin
2024-05-02 13:28:54,285 [INFO] PluginManager:220 - loadIPPluginJar : add tracer_emb
2024-05-02 13:28:54,323 [INFO] IPUIPlugin:80 - create IPUIPlugin
2024-05-02 13:28:54,323 [INFO] PluginManager:220 - loadIPPluginJar : add ts
2024-05-02 13:28:54,369 [INFO] IPUIPlugin:80 - create IPUIPlugin
2024-05-02 13:28:54,369 [INFO] PluginManager:220 - loadIPPluginJar : add tsc
2024-05-02 13:28:54,403 [INFO] IPUIPlugin:80 - create IPUIPlugin
2024-05-02 13:28:54,404 [INFO] PluginManager:220 - loadIPPluginJar : add ucpd
2024-05-02 13:28:54,485 [INFO] IPUIPlugin:80 - create IPUIPlugin
2024-05-02 13:28:54,485 [INFO] PluginManager:220 - loadIPPluginJar : add usart
2024-05-02 13:28:54,553 [INFO] IPUIPlugin:80 - create IPUIPlugin
2024-05-02 13:28:54,553 [INFO] PluginManager:220 - loadIPPluginJar : add usbx
2024-05-02 13:28:54,575 [INFO] ThirdPartyUpdaterWithRetryManager:70 - Updater plugin not ready yet. [3/15]
2024-05-02 13:28:54,779 [INFO] CADModel:165 - CPN selected for project level
2024-05-02 13:28:54,779 [INFO] CADModel:114 - Register for checkConnection events
2024-05-02 13:28:54,779 [FATAL] Updater:308 - Updater called before beeing initialized
2024-05-02 13:28:54,780 [ERROR] CADModel:125 - Updater not yet initialized, retry later 
2024-05-02 13:28:55,538 [INFO] CADModel:165 - CPN selected for project level
2024-05-02 13:28:55,539 [INFO] CADModel:114 - Register for checkConnection events
2024-05-02 13:28:55,539 [FATAL] Updater:308 - Updater called before beeing initialized
2024-05-02 13:28:55,539 [ERROR] CADModel:125 - Updater not yet initialized, retry later 
2024-05-02 13:28:55,549 [FATAL] Updater:308 - Updater called before beeing initialized
2024-05-02 13:28:56,573 [FATAL] Updater:308 - Updater called before beeing initialized
2024-05-02 13:28:56,704 [INFO] DbMcusAds:53 - JSON generation date=Wed Nov 29 12:52:27 IST 2023 (1701255147349)
2024-05-02 13:28:56,705 [FATAL] Updater:308 - Updater called before beeing initialized
2024-05-02 13:28:57,385 [WARN] DetailPanel:346 - Failed to get advertising image, set to default
2024-05-02 13:28:57,616 [INFO] ThirdPartyUpdaterWithRetryManager:70 - Updater plugin not ready yet. [4/15]
2024-05-02 13:28:58,116 [FATAL] Updater:308 - Updater called before beeing initialized
2024-05-02 13:28:58,123 [FATAL] Updater:308 - Updater called before beeing initialized
2024-05-02 13:28:58,124 [FATAL] Updater:308 - Updater called before beeing initialized
2024-05-02 13:28:58,124 [WARN] DetailPanel:346 - Failed to get advertising image, set to default
2024-05-02 13:28:58,126 [FATAL] Updater:308 - Updater called before beeing initialized
2024-05-02 13:28:59,000 [ERROR] Updater:1120 - MainUpdater not yet initialized. External WinMGr cannot be set.
2024-05-02 13:28:59,083 [INFO] Updater:1056 - Updater Version found : 6.10.0
2024-05-02 13:28:59,159 [INFO] ApplicationProperties:184 - Using Application install path: C:\ST\STM32CubeIDE_1.14.1\STM32CubeIDE\plugins\com.st.stm32cube.common.mx_6.10.0.202311202037
2024-05-02 13:29:00,672 [FATAL] Updater:308 - Updater called before beeing initialized
2024-05-02 13:29:00,673 [ERROR] IntegrityCheckThread:130 - Cannot retrieve database content from updater: error 21
2024-05-02 13:29:00,674 [INFO] ThirdParty:978 - Integrity check success = false
2024-05-02 13:29:00,674 [INFO] IntegrityCheckThread:100 - exiting critical section [integrity check]
2024-05-02 13:29:00,674 [INFO] IntegrityCheckThread:103 - End integrity checks thread
2024-05-02 13:29:00,976 [ERROR] LogOutputStream:75 - [STDERR_REDIRECT] May 02, 2024 1:29:00 PM java.util.prefs.WindowsPreferences <init>
2024-05-02 13:29:00,982 [ERROR] LogOutputStream:75 - [STDERR_REDIRECT] WARNING: Could not open/create prefs root node Software\JavaSoft\Prefs at root 0xffffffff80000002. Windows RegCreateKeyEx(...) returned error code 5.
2024-05-02 13:29:00,982 [ERROR] LogOutputStream:75 - [STDERR_REDIRECT] 
2024-05-02 13:29:02,493 [INFO] MainUpdater:2873 - connection check result : 10
2024-05-02 13:29:02,493 [INFO] MainUpdater:3567 - Updater definition file requires update
2024-05-02 13:29:02,495 [INFO] MainUpdater:290 - Updater Check For Update Now.
2024-05-02 13:29:02,496 [INFO] MicroXplorer:498 - Change Database Version : DB.6.0.100
2024-05-02 13:29:02,753 [INFO] McuFinderGlobals:63 - Set McuFinder mode to 2 (CubeIDE integrated)
2024-05-02 13:29:02,864 [INFO] ServerAccessManage:473 - Download File updaters.zip
2024-05-02 13:29:03,438 [INFO] FileExtend:240 - Unzip File : updaters.zip
2024-05-02 13:29:03,439 [INFO] FileExtend:255 - Standard Zip Deflate
2024-05-02 13:29:04,674 [INFO] ServerAccessManage:473 - Download File PacksControlFlags.xml
2024-05-02 13:29:04,814 [INFO] UserAuth:404 - Internet connection configuration mode: 1
2024-05-02 13:29:05,196 [INFO] ServerAccessManage:473 - Download File cubemx.pidx
2024-05-02 13:29:05,406 [INFO] JxBrowserEngine:152 - Initiate JxBrowser Engine with user profile folder
2024-05-02 13:29:06,308 [INFO] LoadServerUpdatesThread:375 - End of LoadServerUpdate Thread
2024-05-02 13:29:06,801 [INFO] CheckServerUpdateThread:120 - End of CheckServer Thread
2024-05-02 13:29:14,288 [INFO] WebApp:161 - Instantiating new browser for Auth
2024-05-02 13:29:16,250 [INFO] WebApp:780 - Register for checkConnection events
2024-05-02 13:29:16,251 [INFO] WebApp:414 - Apply proxy settings
2024-05-02 13:29:16,251 [INFO] WebApp:499 - Chromium requires no authentication
2024-05-02 13:29:16,284 [INFO] WebApp:442 - Direct internet connection detected
2024-05-02 13:29:16,925 [INFO] WebApp:192 - Starting web application
2024-05-02 13:29:16,925 [INFO] WebApp:544 - Web application path used C:\ST\STM32CubeIDE_1.14.1\STM32CubeIDE\plugins\com.st.stm32cube.common.mx_6.10.0.202311202037\db\plugins\mcufinder\reactClient1\index.html
2024-05-02 13:29:27,518 [ERROR] LogOutputStream:75 - [STDERR_REDIRECT] 
2024-05-02 13:29:27,520 [ERROR] LogOutputStream:75 - [STDERR_REDIRECT] 
